  [1m[36m (536.7ms)[0m  [1mCREATE DATABASE "people_with_joy_development" ENCODING = 'unicode'[0m
  [1m[36m (0.6ms)[0m  [1mCREATE DATABASE "people_with_joy_development" ENCODING = 'unicode'[0m
PG::DuplicateDatabase: ERROR:  database "people_with_joy_development" already exists
: CREATE DATABASE "people_with_joy_development" ENCODING = 'unicode'
  [1m[36m (7.7ms)[0m  [1mCREATE TABLE "schema_migrations" ("version" character varying(255) NOT NULL) [0m
  [1m[35m (5.1ms)[0m  CREATE UNIQUE INDEX  "unique_schema_migrations" ON "schema_migrations"  ("version")
  [1m[36mActiveRecord::SchemaMigration Load (0.4ms)[0m  [1mSELECT "schema_migrations".* FROM "schema_migrations"[0m
Migrating to CreatePeople (20140603141547)
  [1m[35m (0.2ms)[0m  BEGIN
  [1m[36m (26.5ms)[0m  [1mCREATE TABLE "people" ("id" serial primary key, "name" character varying(255), "email" character varying(255), "created_at" timestamp, "updated_at" timestamp) [0m
  [1m[35mSQL (6.7ms)[0m  INSERT INTO "schema_migrations" ("version") VALUES ($1)  [["version", "20140603141547"]]
  [1m[36m (6.5ms)[0m  [1mCOMMIT[0m
  [1m[35mActiveRecord::SchemaMigration Load (0.5ms)[0m  SELECT "schema_migrations".* FROM "schema_migrations"
  [1m[36m (0.2ms)[0m  [1mBEGIN[0m
  [1m[35mSQL (1.8ms)[0m  INSERT INTO "people" ("created_at", "email", "name", "updated_at") VALUES ($1, $2, $3, $4) RETURNING "id"  [["created_at", "2014-06-04 14:31:59.543153"], ["email", "lich@lich.lich.com"], ["name", "Lichard"], ["updated_at", "2014-06-04 14:31:59.543153"]]
  [1m[36m (0.4ms)[0m  [1mCOMMIT[0m
  [1m[36mActiveRecord::SchemaMigration Load (1.5ms)[0m  [1mSELECT "schema_migrations".* FROM "schema_migrations"[0m
  [1m[35mActiveRecord::SchemaMigration Load (0.2ms)[0m  SELECT "schema_migrations".* FROM "schema_migrations"
  [1m[36m (0.2ms)[0m  [1mBEGIN[0m
  [1m[35mSQL (0.8ms)[0m  INSERT INTO "people" ("created_at", "email", "name", "updated_at") VALUES ($1, $2, $3, $4) RETURNING "id"  [["created_at", "2014-06-04 14:33:04.752249"], ["email", "lich@lich.lich.com"], ["name", "Lichard"], ["updated_at", "2014-06-04 14:33:04.752249"]]
  [1m[36m (0.6ms)[0m  [1mCOMMIT[0m


Started GET "/people" for 127.0.0.1 at 2014-06-04 10:35:41 -0400
  [1m[36mActiveRecord::SchemaMigration Load (0.9ms)[0m  [1mSELECT "schema_migrations".* FROM "schema_migrations"[0m
Processing by PeopleController#index as HTML
  Rendered people/index.html.erb within layouts/application (3.2ms)
Completed 200 OK in 551ms (Views: 533.9ms | ActiveRecord: 0.0ms)


Started GET "/assets/jquery_ujs.js?body=1" for 127.0.0.1 at 2014-06-04 10:35:41 -0400


Started GET "/assets/jquery.js?body=1" for 127.0.0.1 at 2014-06-04 10:35:41 -0400


Started GET "/assets/application.js?body=1" for 127.0.0.1 at 2014-06-04 10:35:41 -0400


Started GET "/assets/turbolinks.js?body=1" for 127.0.0.1 at 2014-06-04 10:35:41 -0400


Started GET "/assets/application.css?body=1" for 127.0.0.1 at 2014-06-04 10:35:41 -0400


Started GET "/people" for 127.0.0.1 at 2014-06-04 10:39:46 -0400
Processing by PeopleController#index as */*
  Rendered people/index.html.erb within layouts/application (0.7ms)
Completed 200 OK in 17ms (Views: 14.9ms | ActiveRecord: 0.0ms)


Started GET "/people" for 127.0.0.1 at 2014-06-04 10:42:50 -0400
Processing by PeopleController#index as HTML
  Rendered people/index.html.erb within layouts/application (0.4ms)
Completed 200 OK in 7ms (Views: 5.8ms | ActiveRecord: 0.0ms)


Started GET "/assets/application.css?body=1" for 127.0.0.1 at 2014-06-04 10:42:50 -0400


Started GET "/assets/jquery_ujs.js?body=1" for 127.0.0.1 at 2014-06-04 10:42:50 -0400


Started GET "/assets/application.js?body=1" for 127.0.0.1 at 2014-06-04 10:42:50 -0400


Started GET "/assets/jquery.js?body=1" for 127.0.0.1 at 2014-06-04 10:42:50 -0400


Started GET "/assets/turbolinks.js?body=1" for 127.0.0.1 at 2014-06-04 10:42:50 -0400


Started GET "/people" for 127.0.0.1 at 2014-06-04 10:42:57 -0400
Processing by PeopleController#index as */*
  Rendered people/index.html.erb within layouts/application (0.6ms)
Completed 200 OK in 14ms (Views: 12.0ms | ActiveRecord: 0.0ms)


Started GET "/people" for 127.0.0.1 at 2014-06-04 10:49:26 -0400
Processing by PeopleController#index as HTML
  Rendered people/index.html.erb within layouts/application (0.1ms)
Completed 200 OK in 8ms (Views: 5.2ms | ActiveRecord: 0.0ms)


Started GET "/assets/application.css?body=1" for 127.0.0.1 at 2014-06-04 10:49:26 -0400


Started GET "/assets/jquery.js?body=1" for 127.0.0.1 at 2014-06-04 10:49:26 -0400


Started GET "/assets/turbolinks.js?body=1" for 127.0.0.1 at 2014-06-04 10:49:26 -0400


Started GET "/assets/jquery_ujs.js?body=1" for 127.0.0.1 at 2014-06-04 10:49:26 -0400


Started GET "/assets/application.js?body=1" for 127.0.0.1 at 2014-06-04 10:49:26 -0400


Started GET "/people" for 127.0.0.1 at 2014-06-04 10:49:28 -0400
Processing by PeopleController#index as */*
  Rendered people/index.html.erb within layouts/application (0.1ms)
Completed 200 OK in 8ms (Views: 6.5ms | ActiveRecord: 0.0ms)


Started GET "/" for 127.0.0.1 at 2014-06-04 10:49:47 -0400
Processing by Rails::WelcomeController#index as HTML
  Rendered /Users/jillian_russo/.rbenv/versions/2.1.1/lib/ruby/gems/2.1.0/gems/railties-4.1.1/lib/rails/templates/rails/welcome/index.html.erb (1.1ms)
Completed 200 OK in 5ms (Views: 3.6ms | ActiveRecord: 0.0ms)


Started GET "/" for 127.0.0.1 at 2014-06-04 10:49:50 -0400
Processing by Rails::WelcomeController#index as HTML
  Rendered /Users/jillian_russo/.rbenv/versions/2.1.1/lib/ruby/gems/2.1.0/gems/railties-4.1.1/lib/rails/templates/rails/welcome/index.html.erb (0.1ms)
Completed 200 OK in 3ms (Views: 1.9ms | ActiveRecord: 0.0ms)


Started GET "/people" for 127.0.0.1 at 2014-06-04 10:50:04 -0400
Processing by PeopleController#index as HTML
  Rendered people/index.html.erb within layouts/application (0.1ms)
Completed 200 OK in 7ms (Views: 6.3ms | ActiveRecord: 0.0ms)


Started GET "/assets/application.css?body=1" for 127.0.0.1 at 2014-06-04 10:50:04 -0400


Started GET "/assets/jquery_ujs.js?body=1" for 127.0.0.1 at 2014-06-04 10:50:04 -0400


Started GET "/assets/jquery.js?body=1" for 127.0.0.1 at 2014-06-04 10:50:04 -0400


Started GET "/assets/turbolinks.js?body=1" for 127.0.0.1 at 2014-06-04 10:50:04 -0400


Started GET "/assets/application.js?body=1" for 127.0.0.1 at 2014-06-04 10:50:04 -0400


Started GET "/people" for 127.0.0.1 at 2014-06-04 10:50:07 -0400
Processing by PeopleController#index as */*
  Rendered people/index.html.erb within layouts/application (0.1ms)
Completed 200 OK in 8ms (Views: 6.2ms | ActiveRecord: 0.0ms)


Started GET "/people" for 127.0.0.1 at 2014-06-04 10:51:14 -0400
Processing by PeopleController#index as */*
  Rendered people/index.html.erb within layouts/application (0.1ms)
Completed 200 OK in 7ms (Views: 5.5ms | ActiveRecord: 0.0ms)


Started GET "/people" for 127.0.0.1 at 2014-06-04 10:51:55 -0400
Processing by PeopleController#index as HTML
  Rendered people/index.html.erb within layouts/application (0.0ms)
Completed 200 OK in 6ms (Views: 4.5ms | ActiveRecord: 0.0ms)


Started GET "/people" for 127.0.0.1 at 2014-06-04 10:51:59 -0400
Processing by PeopleController#index as JSON
  Rendered people/index.html.erb within layouts/application (0.0ms)
Completed 200 OK in 7ms (Views: 5.4ms | ActiveRecord: 0.0ms)


Started GET "/welcome" for 127.0.0.1 at 2014-06-04 11:01:15 -0400

ActionController::RoutingError (No route matches [GET] "/welcome"):
  actionpack (4.1.1) lib/action_dispatch/middleware/debug_exceptions.rb:21:in `call'
  actionpack (4.1.1) lib/action_dispatch/middleware/show_exceptions.rb:30:in `call'
  railties (4.1.1) lib/rails/rack/logger.rb:38:in `call_app'
  railties (4.1.1) lib/rails/rack/logger.rb:20:in `block in call'
  activesupport (4.1.1) lib/active_support/tagged_logging.rb:68:in `block in tagged'
  activesupport (4.1.1) lib/active_support/tagged_logging.rb:26:in `tagged'
  activesupport (4.1.1) lib/active_support/tagged_logging.rb:68:in `tagged'
  railties (4.1.1) lib/rails/rack/logger.rb:20:in `call'
  actionpack (4.1.1) lib/action_dispatch/middleware/request_id.rb:21:in `call'
  rack (1.5.2) lib/rack/methodoverride.rb:21:in `call'
  rack (1.5.2) lib/rack/runtime.rb:17:in `call'
  activesupport (4.1.1) lib/active_support/cache/strategy/local_cache_middleware.rb:26:in `call'
  rack (1.5.2) lib/rack/lock.rb:17:in `call'
  actionpack (4.1.1) lib/action_dispatch/middleware/static.rb:64:in `call'
  rack (1.5.2) lib/rack/sendfile.rb:112:in `call'
  railties (4.1.1) lib/rails/engine.rb:514:in `call'
  railties (4.1.1) lib/rails/application.rb:144:in `call'
  rack (1.5.2) lib/rack/lock.rb:17:in `call'
  rack (1.5.2) lib/rack/content_length.rb:14:in `call'
  rack (1.5.2) lib/rack/handler/webrick.rb:60:in `service'
  /Users/jillian_russo/.rbenv/versions/2.1.1/lib/ruby/2.1.0/webrick/httpserver.rb:138:in `service'
  /Users/jillian_russo/.rbenv/versions/2.1.1/lib/ruby/2.1.0/webrick/httpserver.rb:94:in `run'
  /Users/jillian_russo/.rbenv/versions/2.1.1/lib/ruby/2.1.0/webrick/server.rb:295:in `block in start_thread'


  Rendered /Users/jillian_russo/.rbenv/versions/2.1.1/lib/ruby/gems/2.1.0/gems/actionpack-4.1.1/lib/action_dispatch/middleware/templates/rescues/_trace.html.erb (1.8ms)
  Rendered /Users/jillian_russo/.rbenv/versions/2.1.1/lib/ruby/gems/2.1.0/gems/actionpack-4.1.1/lib/action_dispatch/middleware/templates/routes/_route.html.erb (2.0ms)
  Rendered /Users/jillian_russo/.rbenv/versions/2.1.1/lib/ruby/gems/2.1.0/gems/actionpack-4.1.1/lib/action_dispatch/middleware/templates/routes/_table.html.erb (12.4ms)
  Rendered /Users/jillian_russo/.rbenv/versions/2.1.1/lib/ruby/gems/2.1.0/gems/actionpack-4.1.1/lib/action_dispatch/middleware/templates/rescues/routing_error.html.erb within rescues/layout (52.9ms)


Started GET "/welcome" for 127.0.0.1 at 2014-06-04 11:01:40 -0400

SyntaxError (/Users/jillian_russo/code/wdi/WDI_NYC_Apr14_Proto/w07/d03/Chris_Heuberger/people_with_joy/app/controllers/welcome_controller.rb:5: syntax error, unexpected end-of-input, expecting keyword_end):
  activesupport (4.1.1) lib/active_support/dependencies.rb:443:in `load'
  activesupport (4.1.1) lib/active_support/dependencies.rb:443:in `block in load_file'
  activesupport (4.1.1) lib/active_support/dependencies.rb:633:in `new_constants_in'
  activesupport (4.1.1) lib/active_support/dependencies.rb:442:in `load_file'
  activesupport (4.1.1) lib/active_support/dependencies.rb:342:in `require_or_load'
  activesupport (4.1.1) lib/active_support/dependencies.rb:480:in `load_missing_constant'
  activesupport (4.1.1) lib/active_support/dependencies.rb:180:in `const_missing'
  activesupport (4.1.1) lib/active_support/inflector/methods.rb:238:in `const_get'
  activesupport (4.1.1) lib/active_support/inflector/methods.rb:238:in `block in constantize'
  activesupport (4.1.1) lib/active_support/inflector/methods.rb:236:in `each'
  activesupport (4.1.1) lib/active_support/inflector/methods.rb:236:in `inject'
  activesupport (4.1.1) lib/active_support/inflector/methods.rb:236:in `constantize'
  activesupport (4.1.1) lib/active_support/dependencies.rb:552:in `get'
  activesupport (4.1.1) lib/active_support/dependencies.rb:583:in `constantize'
  actionpack (4.1.1) lib/action_dispatch/routing/route_set.rb:76:in `controller_reference'
  actionpack (4.1.1) lib/action_dispatch/routing/route_set.rb:66:in `controller'
  actionpack (4.1.1) lib/action_dispatch/routing/route_set.rb:44:in `call'
  actionpack (4.1.1) lib/action_dispatch/journey/router.rb:71:in `block in call'
  actionpack (4.1.1) lib/action_dispatch/journey/router.rb:59:in `each'
  actionpack (4.1.1) lib/action_dispatch/journey/router.rb:59:in `call'
  actionpack (4.1.1) lib/action_dispatch/routing/route_set.rb:676:in `call'
  rack (1.5.2) lib/rack/etag.rb:23:in `call'
  rack (1.5.2) lib/rack/conditionalget.rb:25:in `call'
  rack (1.5.2) lib/rack/head.rb:11:in `call'
  actionpack (4.1.1) lib/action_dispatch/middleware/params_parser.rb:27:in `call'
  actionpack (4.1.1) lib/action_dispatch/middleware/flash.rb:254:in `call'
  rack (1.5.2) lib/rack/session/abstract/id.rb:225:in `context'
  rack (1.5.2) lib/rack/session/abstract/id.rb:220:in `call'
  actionpack (4.1.1) lib/action_dispatch/middleware/cookies.rb:560:in `call'
  activerecord (4.1.1) lib/active_record/query_cache.rb:36:in `call'
  activerecord (4.1.1) lib/active_record/connection_adapters/abstract/connection_pool.rb:621:in `call'
  activerecord (4.1.1) lib/active_record/migration.rb:380:in `call'
  actionpack (4.1.1) lib/action_dispatch/middleware/callbacks.rb:29:in `block in call'
  activesupport (4.1.1) lib/active_support/callbacks.rb:82:in `run_callbacks'
  actionpack (4.1.1) lib/action_dispatch/middleware/callbacks.rb:27:in `call'
  actionpack (4.1.1) lib/action_dispatch/middleware/reloader.rb:73:in `call'
  actionpack (4.1.1) lib/action_dispatch/middleware/remote_ip.rb:76:in `call'
  actionpack (4.1.1) lib/action_dispatch/middleware/debug_exceptions.rb:17:in `call'
  actionpack (4.1.1) lib/action_dispatch/middleware/show_exceptions.rb:30:in `call'
  railties (4.1.1) lib/rails/rack/logger.rb:38:in `call_app'
  railties (4.1.1) lib/rails/rack/logger.rb:20:in `block in call'
  activesupport (4.1.1) lib/active_support/tagged_logging.rb:68:in `block in tagged'
  activesupport (4.1.1) lib/active_support/tagged_logging.rb:26:in `tagged'
  activesupport (4.1.1) lib/active_support/tagged_logging.rb:68:in `tagged'
  railties (4.1.1) lib/rails/rack/logger.rb:20:in `call'
  actionpack (4.1.1) lib/action_dispatch/middleware/request_id.rb:21:in `call'
  rack (1.5.2) lib/rack/methodoverride.rb:21:in `call'
  rack (1.5.2) lib/rack/runtime.rb:17:in `call'
  activesupport (4.1.1) lib/active_support/cache/strategy/local_cache_middleware.rb:26:in `call'
  rack (1.5.2) lib/rack/lock.rb:17:in `call'
  actionpack (4.1.1) lib/action_dispatch/middleware/static.rb:64:in `call'
  rack (1.5.2) lib/rack/sendfile.rb:112:in `call'
  railties (4.1.1) lib/rails/engine.rb:514:in `call'
  railties (4.1.1) lib/rails/application.rb:144:in `call'
  rack (1.5.2) lib/rack/lock.rb:17:in `call'
  rack (1.5.2) lib/rack/content_length.rb:14:in `call'
  rack (1.5.2) lib/rack/handler/webrick.rb:60:in `service'
  /Users/jillian_russo/.rbenv/versions/2.1.1/lib/ruby/2.1.0/webrick/httpserver.rb:138:in `service'
  /Users/jillian_russo/.rbenv/versions/2.1.1/lib/ruby/2.1.0/webrick/httpserver.rb:94:in `run'
  /Users/jillian_russo/.rbenv/versions/2.1.1/lib/ruby/2.1.0/webrick/server.rb:295:in `block in start_thread'


  Rendered /Users/jillian_russo/.rbenv/versions/2.1.1/lib/ruby/gems/2.1.0/gems/actionpack-4.1.1/lib/action_dispatch/middleware/templates/rescues/_source.erb (0.9ms)
  Rendered /Users/jillian_russo/.rbenv/versions/2.1.1/lib/ruby/gems/2.1.0/gems/actionpack-4.1.1/lib/action_dispatch/middleware/templates/rescues/_trace.html.erb (1.6ms)
  Rendered /Users/jillian_russo/.rbenv/versions/2.1.1/lib/ruby/gems/2.1.0/gems/actionpack-4.1.1/lib/action_dispatch/middleware/templates/rescues/_request_and_response.html.erb (2.3ms)
  Rendered /Users/jillian_russo/.rbenv/versions/2.1.1/lib/ruby/gems/2.1.0/gems/actionpack-4.1.1/lib/action_dispatch/middleware/templates/rescues/diagnostics.erb within rescues/layout (26.7ms)


Started GET "/welcome" for 127.0.0.1 at 2014-06-04 11:02:31 -0400

ActionController::RoutingError (No route matches [GET] "/welcome"):
  actionpack (4.1.1) lib/action_dispatch/middleware/debug_exceptions.rb:21:in `call'
  actionpack (4.1.1) lib/action_dispatch/middleware/show_exceptions.rb:30:in `call'
  railties (4.1.1) lib/rails/rack/logger.rb:38:in `call_app'
  railties (4.1.1) lib/rails/rack/logger.rb:20:in `block in call'
  activesupport (4.1.1) lib/active_support/tagged_logging.rb:68:in `block in tagged'
  activesupport (4.1.1) lib/active_support/tagged_logging.rb:26:in `tagged'
  activesupport (4.1.1) lib/active_support/tagged_logging.rb:68:in `tagged'
  railties (4.1.1) lib/rails/rack/logger.rb:20:in `call'
  actionpack (4.1.1) lib/action_dispatch/middleware/request_id.rb:21:in `call'
  rack (1.5.2) lib/rack/methodoverride.rb:21:in `call'
  rack (1.5.2) lib/rack/runtime.rb:17:in `call'
  activesupport (4.1.1) lib/active_support/cache/strategy/local_cache_middleware.rb:26:in `call'
  rack (1.5.2) lib/rack/lock.rb:17:in `call'
  actionpack (4.1.1) lib/action_dispatch/middleware/static.rb:64:in `call'
  rack (1.5.2) lib/rack/sendfile.rb:112:in `call'
  railties (4.1.1) lib/rails/engine.rb:514:in `call'
  railties (4.1.1) lib/rails/application.rb:144:in `call'
  rack (1.5.2) lib/rack/lock.rb:17:in `call'
  rack (1.5.2) lib/rack/content_length.rb:14:in `call'
  rack (1.5.2) lib/rack/handler/webrick.rb:60:in `service'
  /Users/jillian_russo/.rbenv/versions/2.1.1/lib/ruby/2.1.0/webrick/httpserver.rb:138:in `service'
  /Users/jillian_russo/.rbenv/versions/2.1.1/lib/ruby/2.1.0/webrick/httpserver.rb:94:in `run'
  /Users/jillian_russo/.rbenv/versions/2.1.1/lib/ruby/2.1.0/webrick/server.rb:295:in `block in start_thread'


  Rendered /Users/jillian_russo/.rbenv/versions/2.1.1/lib/ruby/gems/2.1.0/gems/actionpack-4.1.1/lib/action_dispatch/middleware/templates/rescues/_trace.html.erb (1.3ms)
  Rendered /Users/jillian_russo/.rbenv/versions/2.1.1/lib/ruby/gems/2.1.0/gems/actionpack-4.1.1/lib/action_dispatch/middleware/templates/routes/_route.html.erb (1.8ms)
  Rendered /Users/jillian_russo/.rbenv/versions/2.1.1/lib/ruby/gems/2.1.0/gems/actionpack-4.1.1/lib/action_dispatch/middleware/templates/routes/_table.html.erb (1.5ms)
  Rendered /Users/jillian_russo/.rbenv/versions/2.1.1/lib/ruby/gems/2.1.0/gems/actionpack-4.1.1/lib/action_dispatch/middleware/templates/rescues/routing_error.html.erb within rescues/layout (24.9ms)


Started GET "/welcome" for 127.0.0.1 at 2014-06-04 11:02:39 -0400

ArgumentError (controller name should not start with a slash):
  config/routes.rb:2:in `block in <top (required)>'
  config/routes.rb:1:in `<top (required)>'


  Rendered /Users/jillian_russo/.rbenv/versions/2.1.1/lib/ruby/gems/2.1.0/gems/actionpack-4.1.1/lib/action_dispatch/middleware/templates/rescues/_source.erb (1.5ms)
  Rendered /Users/jillian_russo/.rbenv/versions/2.1.1/lib/ruby/gems/2.1.0/gems/actionpack-4.1.1/lib/action_dispatch/middleware/templates/rescues/_trace.html.erb (1.8ms)
  Rendered /Users/jillian_russo/.rbenv/versions/2.1.1/lib/ruby/gems/2.1.0/gems/actionpack-4.1.1/lib/action_dispatch/middleware/templates/rescues/_request_and_response.html.erb (1.2ms)
  Rendered /Users/jillian_russo/.rbenv/versions/2.1.1/lib/ruby/gems/2.1.0/gems/actionpack-4.1.1/lib/action_dispatch/middleware/templates/rescues/diagnostics.erb within rescues/layout (24.9ms)


Started GET "/welcome" for 127.0.0.1 at 2014-06-04 11:02:50 -0400

SyntaxError (/Users/jillian_russo/code/wdi/WDI_NYC_Apr14_Proto/w07/d03/Chris_Heuberger/people_with_joy/config/routes.rb:2: syntax error, unexpected ':', expecting keyword_end
  root: "welcome#index"
       ^):
  activesupport (4.1.1) lib/active_support/dependencies.rb:241:in `load'
  activesupport (4.1.1) lib/active_support/dependencies.rb:241:in `block in load'
  activesupport (4.1.1) lib/active_support/dependencies.rb:232:in `load_dependency'
  activesupport (4.1.1) lib/active_support/dependencies.rb:241:in `load'
  railties (4.1.1) lib/rails/application/routes_reloader.rb:40:in `block in load_paths'
  railties (4.1.1) lib/rails/application/routes_reloader.rb:40:in `each'
  railties (4.1.1) lib/rails/application/routes_reloader.rb:40:in `load_paths'
  railties (4.1.1) lib/rails/application/routes_reloader.rb:16:in `reload!'
  railties (4.1.1) lib/rails/application/routes_reloader.rb:26:in `block in updater'
  activesupport (4.1.1) lib/active_support/file_update_checker.rb:75:in `call'
  activesupport (4.1.1) lib/active_support/file_update_checker.rb:75:in `execute'
  railties (4.1.1) lib/rails/application/routes_reloader.rb:7:in `execute'
  railties (4.1.1) lib/rails/application/finisher.rb:83:in `block (2 levels) in <module:Finisher>'
  activesupport (4.1.1) lib/active_support/callbacks.rb:438:in `instance_exec'
  activesupport (4.1.1) lib/active_support/callbacks.rb:438:in `block in make_lambda'
  activesupport (4.1.1) lib/active_support/callbacks.rb:184:in `call'
  activesupport (4.1.1) lib/active_support/callbacks.rb:184:in `block in simple'
  activesupport (4.1.1) lib/active_support/callbacks.rb:185:in `call'
  activesupport (4.1.1) lib/active_support/callbacks.rb:185:in `block in simple'
  activesupport (4.1.1) lib/active_support/callbacks.rb:185:in `call'
  activesupport (4.1.1) lib/active_support/callbacks.rb:185:in `block in simple'
  activesupport (4.1.1) lib/active_support/callbacks.rb:86:in `call'
  activesupport (4.1.1) lib/active_support/callbacks.rb:86:in `run_callbacks'
  actionpack (4.1.1) lib/action_dispatch/middleware/reloader.rb:83:in `prepare!'
  actionpack (4.1.1) lib/action_dispatch/middleware/reloader.rb:71:in `call'
  actionpack (4.1.1) lib/action_dispatch/middleware/remote_ip.rb:76:in `call'
  actionpack (4.1.1) lib/action_dispatch/middleware/debug_exceptions.rb:17:in `call'
  actionpack (4.1.1) lib/action_dispatch/middleware/show_exceptions.rb:30:in `call'
  railties (4.1.1) lib/rails/rack/logger.rb:38:in `call_app'
  railties (4.1.1) lib/rails/rack/logger.rb:20:in `block in call'
  activesupport (4.1.1) lib/active_support/tagged_logging.rb:68:in `block in tagged'
  activesupport (4.1.1) lib/active_support/tagged_logging.rb:26:in `tagged'
  activesupport (4.1.1) lib/active_support/tagged_logging.rb:68:in `tagged'
  railties (4.1.1) lib/rails/rack/logger.rb:20:in `call'
  actionpack (4.1.1) lib/action_dispatch/middleware/request_id.rb:21:in `call'
  rack (1.5.2) lib/rack/methodoverride.rb:21:in `call'
  rack (1.5.2) lib/rack/runtime.rb:17:in `call'
  activesupport (4.1.1) lib/active_support/cache/strategy/local_cache_middleware.rb:26:in `call'
  rack (1.5.2) lib/rack/lock.rb:17:in `call'
  actionpack (4.1.1) lib/action_dispatch/middleware/static.rb:64:in `call'
  rack (1.5.2) lib/rack/sendfile.rb:112:in `call'
  railties (4.1.1) lib/rails/engine.rb:514:in `call'
  railties (4.1.1) lib/rails/application.rb:144:in `call'
  rack (1.5.2) lib/rack/lock.rb:17:in `call'
  rack (1.5.2) lib/rack/content_length.rb:14:in `call'
  rack (1.5.2) lib/rack/handler/webrick.rb:60:in `service'
  /Users/jillian_russo/.rbenv/versions/2.1.1/lib/ruby/2.1.0/webrick/httpserver.rb:138:in `service'
  /Users/jillian_russo/.rbenv/versions/2.1.1/lib/ruby/2.1.0/webrick/httpserver.rb:94:in `run'
  /Users/jillian_russo/.rbenv/versions/2.1.1/lib/ruby/2.1.0/webrick/server.rb:295:in `block in start_thread'


  Rendered /Users/jillian_russo/.rbenv/versions/2.1.1/lib/ruby/gems/2.1.0/gems/actionpack-4.1.1/lib/action_dispatch/middleware/templates/rescues/_source.erb (1.0ms)
  Rendered /Users/jillian_russo/.rbenv/versions/2.1.1/lib/ruby/gems/2.1.0/gems/actionpack-4.1.1/lib/action_dispatch/middleware/templates/rescues/_trace.html.erb (1.5ms)
  Rendered /Users/jillian_russo/.rbenv/versions/2.1.1/lib/ruby/gems/2.1.0/gems/actionpack-4.1.1/lib/action_dispatch/middleware/templates/rescues/_request_and_response.html.erb (1.2ms)
  Rendered /Users/jillian_russo/.rbenv/versions/2.1.1/lib/ruby/gems/2.1.0/gems/actionpack-4.1.1/lib/action_dispatch/middleware/templates/rescues/diagnostics.erb within rescues/layout (21.1ms)


Started GET "/welcome" for 127.0.0.1 at 2014-06-04 11:03:39 -0400

ActionController::RoutingError (No route matches [GET] "/welcome"):
  actionpack (4.1.1) lib/action_dispatch/middleware/debug_exceptions.rb:21:in `call'
  actionpack (4.1.1) lib/action_dispatch/middleware/show_exceptions.rb:30:in `call'
  railties (4.1.1) lib/rails/rack/logger.rb:38:in `call_app'
  railties (4.1.1) lib/rails/rack/logger.rb:20:in `block in call'
  activesupport (4.1.1) lib/active_support/tagged_logging.rb:68:in `block in tagged'
  activesupport (4.1.1) lib/active_support/tagged_logging.rb:26:in `tagged'
  activesupport (4.1.1) lib/active_support/tagged_logging.rb:68:in `tagged'
  railties (4.1.1) lib/rails/rack/logger.rb:20:in `call'
  actionpack (4.1.1) lib/action_dispatch/middleware/request_id.rb:21:in `call'
  rack (1.5.2) lib/rack/methodoverride.rb:21:in `call'
  rack (1.5.2) lib/rack/runtime.rb:17:in `call'
  activesupport (4.1.1) lib/active_support/cache/strategy/local_cache_middleware.rb:26:in `call'
  rack (1.5.2) lib/rack/lock.rb:17:in `call'
  actionpack (4.1.1) lib/action_dispatch/middleware/static.rb:64:in `call'
  rack (1.5.2) lib/rack/sendfile.rb:112:in `call'
  railties (4.1.1) lib/rails/engine.rb:514:in `call'
  railties (4.1.1) lib/rails/application.rb:144:in `call'
  rack (1.5.2) lib/rack/lock.rb:17:in `call'
  rack (1.5.2) lib/rack/content_length.rb:14:in `call'
  rack (1.5.2) lib/rack/handler/webrick.rb:60:in `service'
  /Users/jillian_russo/.rbenv/versions/2.1.1/lib/ruby/2.1.0/webrick/httpserver.rb:138:in `service'
  /Users/jillian_russo/.rbenv/versions/2.1.1/lib/ruby/2.1.0/webrick/httpserver.rb:94:in `run'
  /Users/jillian_russo/.rbenv/versions/2.1.1/lib/ruby/2.1.0/webrick/server.rb:295:in `block in start_thread'


  Rendered /Users/jillian_russo/.rbenv/versions/2.1.1/lib/ruby/gems/2.1.0/gems/actionpack-4.1.1/lib/action_dispatch/middleware/templates/rescues/_trace.html.erb (1.8ms)
  Rendered /Users/jillian_russo/.rbenv/versions/2.1.1/lib/ruby/gems/2.1.0/gems/actionpack-4.1.1/lib/action_dispatch/middleware/templates/routes/_route.html.erb (1.7ms)
  Rendered /Users/jillian_russo/.rbenv/versions/2.1.1/lib/ruby/gems/2.1.0/gems/actionpack-4.1.1/lib/action_dispatch/middleware/templates/routes/_table.html.erb (1.4ms)
  Rendered /Users/jillian_russo/.rbenv/versions/2.1.1/lib/ruby/gems/2.1.0/gems/actionpack-4.1.1/lib/action_dispatch/middleware/templates/rescues/routing_error.html.erb within rescues/layout (29.4ms)


Started GET "/" for 127.0.0.1 at 2014-06-04 11:06:00 -0400

SyntaxError (/Users/jillian_russo/code/wdi/WDI_NYC_Apr14_Proto/w07/d03/Chris_Heuberger/people_with_joy/app/controllers/welcome_controller.rb:5: syntax error, unexpected end-of-input, expecting keyword_end):
  activesupport (4.1.1) lib/active_support/dependencies.rb:443:in `load'
  activesupport (4.1.1) lib/active_support/dependencies.rb:443:in `block in load_file'
  activesupport (4.1.1) lib/active_support/dependencies.rb:633:in `new_constants_in'
  activesupport (4.1.1) lib/active_support/dependencies.rb:442:in `load_file'
  activesupport (4.1.1) lib/active_support/dependencies.rb:342:in `require_or_load'
  activesupport (4.1.1) lib/active_support/dependencies.rb:480:in `load_missing_constant'
  activesupport (4.1.1) lib/active_support/dependencies.rb:180:in `const_missing'
  activesupport (4.1.1) lib/active_support/inflector/methods.rb:238:in `const_get'
  activesupport (4.1.1) lib/active_support/inflector/methods.rb:238:in `block in constantize'
  activesupport (4.1.1) lib/active_support/inflector/methods.rb:236:in `each'
  activesupport (4.1.1) lib/active_support/inflector/methods.rb:236:in `inject'
  activesupport (4.1.1) lib/active_support/inflector/methods.rb:236:in `constantize'
  activesupport (4.1.1) lib/active_support/dependencies.rb:552:in `get'
  activesupport (4.1.1) lib/active_support/dependencies.rb:583:in `constantize'
  actionpack (4.1.1) lib/action_dispatch/routing/route_set.rb:76:in `controller_reference'
  actionpack (4.1.1) lib/action_dispatch/routing/route_set.rb:66:in `controller'
  actionpack (4.1.1) lib/action_dispatch/routing/route_set.rb:44:in `call'
  actionpack (4.1.1) lib/action_dispatch/journey/router.rb:71:in `block in call'
  actionpack (4.1.1) lib/action_dispatch/journey/router.rb:59:in `each'
  actionpack (4.1.1) lib/action_dispatch/journey/router.rb:59:in `call'
  actionpack (4.1.1) lib/action_dispatch/routing/route_set.rb:676:in `call'
  rack (1.5.2) lib/rack/etag.rb:23:in `call'
  rack (1.5.2) lib/rack/conditionalget.rb:25:in `call'
  rack (1.5.2) lib/rack/head.rb:11:in `call'
  actionpack (4.1.1) lib/action_dispatch/middleware/params_parser.rb:27:in `call'
  actionpack (4.1.1) lib/action_dispatch/middleware/flash.rb:254:in `call'
  rack (1.5.2) lib/rack/session/abstract/id.rb:225:in `context'
  rack (1.5.2) lib/rack/session/abstract/id.rb:220:in `call'
  actionpack (4.1.1) lib/action_dispatch/middleware/cookies.rb:560:in `call'
  activerecord (4.1.1) lib/active_record/query_cache.rb:36:in `call'
  activerecord (4.1.1) lib/active_record/connection_adapters/abstract/connection_pool.rb:621:in `call'
  activerecord (4.1.1) lib/active_record/migration.rb:380:in `call'
  actionpack (4.1.1) lib/action_dispatch/middleware/callbacks.rb:29:in `block in call'
  activesupport (4.1.1) lib/active_support/callbacks.rb:82:in `run_callbacks'
  actionpack (4.1.1) lib/action_dispatch/middleware/callbacks.rb:27:in `call'
  actionpack (4.1.1) lib/action_dispatch/middleware/reloader.rb:73:in `call'
  actionpack (4.1.1) lib/action_dispatch/middleware/remote_ip.rb:76:in `call'
  actionpack (4.1.1) lib/action_dispatch/middleware/debug_exceptions.rb:17:in `call'
  actionpack (4.1.1) lib/action_dispatch/middleware/show_exceptions.rb:30:in `call'
  railties (4.1.1) lib/rails/rack/logger.rb:38:in `call_app'
  railties (4.1.1) lib/rails/rack/logger.rb:20:in `block in call'
  activesupport (4.1.1) lib/active_support/tagged_logging.rb:68:in `block in tagged'
  activesupport (4.1.1) lib/active_support/tagged_logging.rb:26:in `tagged'
  activesupport (4.1.1) lib/active_support/tagged_logging.rb:68:in `tagged'
  railties (4.1.1) lib/rails/rack/logger.rb:20:in `call'
  actionpack (4.1.1) lib/action_dispatch/middleware/request_id.rb:21:in `call'
  rack (1.5.2) lib/rack/methodoverride.rb:21:in `call'
  rack (1.5.2) lib/rack/runtime.rb:17:in `call'
  activesupport (4.1.1) lib/active_support/cache/strategy/local_cache_middleware.rb:26:in `call'
  rack (1.5.2) lib/rack/lock.rb:17:in `call'
  actionpack (4.1.1) lib/action_dispatch/middleware/static.rb:64:in `call'
  rack (1.5.2) lib/rack/sendfile.rb:112:in `call'
  railties (4.1.1) lib/rails/engine.rb:514:in `call'
  railties (4.1.1) lib/rails/application.rb:144:in `call'
  rack (1.5.2) lib/rack/lock.rb:17:in `call'
  rack (1.5.2) lib/rack/content_length.rb:14:in `call'
  rack (1.5.2) lib/rack/handler/webrick.rb:60:in `service'
  /Users/jillian_russo/.rbenv/versions/2.1.1/lib/ruby/2.1.0/webrick/httpserver.rb:138:in `service'
  /Users/jillian_russo/.rbenv/versions/2.1.1/lib/ruby/2.1.0/webrick/httpserver.rb:94:in `run'
  /Users/jillian_russo/.rbenv/versions/2.1.1/lib/ruby/2.1.0/webrick/server.rb:295:in `block in start_thread'


  Rendered /Users/jillian_russo/.rbenv/versions/2.1.1/lib/ruby/gems/2.1.0/gems/actionpack-4.1.1/lib/action_dispatch/middleware/templates/rescues/_source.erb (0.9ms)
  Rendered /Users/jillian_russo/.rbenv/versions/2.1.1/lib/ruby/gems/2.1.0/gems/actionpack-4.1.1/lib/action_dispatch/middleware/templates/rescues/_trace.html.erb (1.6ms)
  Rendered /Users/jillian_russo/.rbenv/versions/2.1.1/lib/ruby/gems/2.1.0/gems/actionpack-4.1.1/lib/action_dispatch/middleware/templates/rescues/_request_and_response.html.erb (1.7ms)
  Rendered /Users/jillian_russo/.rbenv/versions/2.1.1/lib/ruby/gems/2.1.0/gems/actionpack-4.1.1/lib/action_dispatch/middleware/templates/rescues/diagnostics.erb within rescues/layout (23.7ms)


Started GET "/" for 127.0.0.1 at 2014-06-04 11:06:21 -0400
Processing by WelcomeController#index as HTML
  Rendered welcome/index.html.erb within layouts/application (0.6ms)
Completed 200 OK in 40ms (Views: 37.7ms | ActiveRecord: 0.0ms)


Started GET "/assets/application.css?body=1" for 127.0.0.1 at 2014-06-04 11:06:21 -0400


Started GET "/assets/turbolinks.js?body=1" for 127.0.0.1 at 2014-06-04 11:06:21 -0400


Started GET "/assets/jquery.js?body=1" for 127.0.0.1 at 2014-06-04 11:06:21 -0400


Started GET "/assets/application.js?body=1" for 127.0.0.1 at 2014-06-04 11:06:21 -0400


Started GET "/assets/scripts.js?body=1" for 127.0.0.1 at 2014-06-04 11:06:21 -0400


Started GET "/assets/jquery_ujs.js?body=1" for 127.0.0.1 at 2014-06-04 11:06:21 -0400


Started GET "/" for 127.0.0.1 at 2014-06-04 11:10:59 -0400
Processing by WelcomeController#index as HTML
  Rendered welcome/index.html.erb within layouts/application (0.4ms)
Completed 200 OK in 36ms (Views: 34.8ms | ActiveRecord: 0.0ms)


Started GET "/assets/application.css?body=1" for 127.0.0.1 at 2014-06-04 11:10:59 -0400


Started GET "/assets/jquery.js?body=1" for 127.0.0.1 at 2014-06-04 11:10:59 -0400


Started GET "/assets/turbolinks.js?body=1" for 127.0.0.1 at 2014-06-04 11:10:59 -0400


Started GET "/assets/application.js?body=1" for 127.0.0.1 at 2014-06-04 11:10:59 -0400


Started GET "/assets/scripts.js?body=1" for 127.0.0.1 at 2014-06-04 11:10:59 -0400


Started GET "/assets/jquery_ujs.js?body=1" for 127.0.0.1 at 2014-06-04 11:10:59 -0400


Started GET "/" for 127.0.0.1 at 2014-06-04 11:11:46 -0400
Processing by WelcomeController#index as HTML
  Rendered welcome/index.html.erb within layouts/application (0.1ms)
Completed 200 OK in 36ms (Views: 34.5ms | ActiveRecord: 0.0ms)


Started GET "/assets/application.css?body=1" for 127.0.0.1 at 2014-06-04 11:11:46 -0400


Started GET "/assets/jquery_ujs.js?body=1" for 127.0.0.1 at 2014-06-04 11:11:46 -0400


Started GET "/assets/turbolinks.js?body=1" for 127.0.0.1 at 2014-06-04 11:11:46 -0400


Started GET "/assets/scripts.js?body=1" for 127.0.0.1 at 2014-06-04 11:11:46 -0400


Started GET "/assets/jquery.js?body=1" for 127.0.0.1 at 2014-06-04 11:11:46 -0400


Started GET "/assets/application.js?body=1" for 127.0.0.1 at 2014-06-04 11:11:46 -0400


Started GET "/" for 127.0.0.1 at 2014-06-04 11:11:47 -0400
Processing by WelcomeController#index as HTML
  Rendered welcome/index.html.erb within layouts/application (0.1ms)
Completed 200 OK in 7ms (Views: 5.3ms | ActiveRecord: 0.0ms)


Started GET "/assets/application.css?body=1" for 127.0.0.1 at 2014-06-04 11:11:47 -0400


Started GET "/assets/jquery.js?body=1" for 127.0.0.1 at 2014-06-04 11:11:47 -0400


Started GET "/assets/turbolinks.js?body=1" for 127.0.0.1 at 2014-06-04 11:11:47 -0400


Started GET "/assets/jquery_ujs.js?body=1" for 127.0.0.1 at 2014-06-04 11:11:47 -0400


Started GET "/assets/application.js?body=1" for 127.0.0.1 at 2014-06-04 11:11:47 -0400


Started GET "/assets/scripts.js?body=1" for 127.0.0.1 at 2014-06-04 11:11:47 -0400


Started GET "/" for 127.0.0.1 at 2014-06-04 11:13:10 -0400
Processing by WelcomeController#index as HTML
  Rendered welcome/index.html.erb within layouts/application (0.1ms)
Completed 200 OK in 6ms (Views: 4.8ms | ActiveRecord: 0.0ms)


Started GET "/assets/application.css?body=1" for 127.0.0.1 at 2014-06-04 11:13:10 -0400


Started GET "/assets/jquery_ujs.js?body=1" for 127.0.0.1 at 2014-06-04 11:13:10 -0400


Started GET "/assets/jquery.js?body=1" for 127.0.0.1 at 2014-06-04 11:13:10 -0400


Started GET "/assets/scripts.js?body=1" for 127.0.0.1 at 2014-06-04 11:13:10 -0400


Started GET "/assets/turbolinks.js?body=1" for 127.0.0.1 at 2014-06-04 11:13:10 -0400


Started GET "/assets/application.js?body=1" for 127.0.0.1 at 2014-06-04 11:13:10 -0400


Started GET "/" for 127.0.0.1 at 2014-06-04 11:17:23 -0400
Processing by WelcomeController#index as HTML
  Rendered welcome/index.html.erb within layouts/application (0.1ms)
Completed 200 OK in 31ms (Views: 30.0ms | ActiveRecord: 0.0ms)


Started GET "/assets/application.css?body=1" for 127.0.0.1 at 2014-06-04 11:17:23 -0400


Started GET "/assets/jquery.js?body=1" for 127.0.0.1 at 2014-06-04 11:17:23 -0400


Started GET "/assets/application.js?body=1" for 127.0.0.1 at 2014-06-04 11:17:23 -0400


Started GET "/assets/scripts.js?body=1" for 127.0.0.1 at 2014-06-04 11:17:23 -0400


Started GET "/assets/turbolinks.js?body=1" for 127.0.0.1 at 2014-06-04 11:17:23 -0400


Started GET "/assets/jquery_ujs.js?body=1" for 127.0.0.1 at 2014-06-04 11:17:23 -0400


Started GET "/" for 127.0.0.1 at 2014-06-04 11:23:14 -0400
Processing by WelcomeController#index as HTML
  Rendered welcome/index.html.erb within layouts/application (0.1ms)
Completed 200 OK in 34ms (Views: 33.0ms | ActiveRecord: 0.0ms)


Started GET "/assets/application.css?body=1" for 127.0.0.1 at 2014-06-04 11:23:14 -0400


Started GET "/assets/jquery.js?body=1" for 127.0.0.1 at 2014-06-04 11:23:14 -0400


Started GET "/assets/jquery_ujs.js?body=1" for 127.0.0.1 at 2014-06-04 11:23:14 -0400


Started GET "/assets/application.js?body=1" for 127.0.0.1 at 2014-06-04 11:23:14 -0400


Started GET "/assets/scripts.js?body=1" for 127.0.0.1 at 2014-06-04 11:23:14 -0400


Started GET "/assets/turbolinks.js?body=1" for 127.0.0.1 at 2014-06-04 11:23:14 -0400


Started GET "/people" for 127.0.0.1 at 2014-06-04 11:23:14 -0400
Processing by PeopleController#index as JSON
  [1m[35mPerson Load (1.8ms)[0m  SELECT "people".* FROM "people"
Completed 200 OK in 22ms (Views: 0.2ms | ActiveRecord: 4.0ms)


Started GET "/" for 127.0.0.1 at 2014-06-04 11:50:36 -0400
Processing by WelcomeController#index as HTML
  Rendered welcome/index.html.erb within layouts/application (0.1ms)
Completed 200 OK in 43ms (Views: 41.9ms | ActiveRecord: 0.0ms)


Started GET "/assets/application.css?body=1" for 127.0.0.1 at 2014-06-04 11:50:36 -0400


Started GET "/assets/jquery_ujs.js?body=1" for 127.0.0.1 at 2014-06-04 11:50:36 -0400


Started GET "/assets/jquery.js?body=1" for 127.0.0.1 at 2014-06-04 11:50:36 -0400


Started GET "/assets/scripts.js?body=1" for 127.0.0.1 at 2014-06-04 11:50:36 -0400


Started GET "/assets/turbolinks.js?body=1" for 127.0.0.1 at 2014-06-04 11:50:36 -0400


Started GET "/assets/application.js?body=1" for 127.0.0.1 at 2014-06-04 11:50:36 -0400


Started GET "/people" for 127.0.0.1 at 2014-06-04 11:50:36 -0400
Processing by PeopleController#index as JSON
  [1m[36mPerson Load (0.8ms)[0m  [1mSELECT "people".* FROM "people"[0m
Completed 200 OK in 5ms (Views: 0.2ms | ActiveRecord: 0.8ms)


Started GET "/" for 127.0.0.1 at 2014-06-04 12:08:01 -0400
Processing by WelcomeController#index as HTML
  Rendered welcome/index.html.erb within layouts/application (0.1ms)
Completed 200 OK in 35ms (Views: 34.2ms | ActiveRecord: 0.0ms)


Started GET "/assets/application.css?body=1" for 127.0.0.1 at 2014-06-04 12:08:01 -0400


Started GET "/assets/application.js?body=1" for 127.0.0.1 at 2014-06-04 12:08:01 -0400


Started GET "/assets/jquery.js?body=1" for 127.0.0.1 at 2014-06-04 12:08:01 -0400


Started GET "/assets/scripts.js?body=1" for 127.0.0.1 at 2014-06-04 12:08:01 -0400


Started GET "/assets/jquery_ujs.js?body=1" for 127.0.0.1 at 2014-06-04 12:08:01 -0400


Started GET "/assets/turbolinks.js?body=1" for 127.0.0.1 at 2014-06-04 12:08:02 -0400


Started GET "/" for 127.0.0.1 at 2014-06-04 12:14:52 -0400
Processing by WelcomeController#index as HTML
  Rendered welcome/index.html.erb within layouts/application (0.1ms)
Completed 200 OK in 35ms (Views: 34.0ms | ActiveRecord: 0.0ms)


Started GET "/assets/application.css?body=1" for 127.0.0.1 at 2014-06-04 12:14:52 -0400


Started GET "/assets/turbolinks.js?body=1" for 127.0.0.1 at 2014-06-04 12:14:52 -0400


Started GET "/assets/jquery_ujs.js?body=1" for 127.0.0.1 at 2014-06-04 12:14:52 -0400


Started GET "/assets/jquery.js?body=1" for 127.0.0.1 at 2014-06-04 12:14:52 -0400


Started GET "/assets/application.js?body=1" for 127.0.0.1 at 2014-06-04 12:14:52 -0400


Started GET "/assets/scripts.js?body=1" for 127.0.0.1 at 2014-06-04 12:14:52 -0400


Started GET "/people" for 127.0.0.1 at 2014-06-04 12:14:52 -0400
Processing by PeopleController#index as JSON
  [1m[35mPerson Load (0.6ms)[0m  SELECT "people".* FROM "people"
Completed 200 OK in 5ms (Views: 0.4ms | ActiveRecord: 0.6ms)


Started GET "/" for 127.0.0.1 at 2014-06-04 16:10:17 -0400
Processing by WelcomeController#index as HTML
  Rendered welcome/index.html.erb within layouts/application (0.5ms)
Completed 200 OK in 45ms (Views: 44.3ms | ActiveRecord: 0.0ms)


Started GET "/assets/application.css?body=1" for 127.0.0.1 at 2014-06-04 16:10:17 -0400


Started GET "/assets/jquery.js?body=1" for 127.0.0.1 at 2014-06-04 16:10:17 -0400


Started GET "/assets/jquery_ujs.js?body=1" for 127.0.0.1 at 2014-06-04 16:10:17 -0400


Started GET "/assets/application.js?body=1" for 127.0.0.1 at 2014-06-04 16:10:17 -0400


Started GET "/assets/scripts.js?body=1" for 127.0.0.1 at 2014-06-04 16:10:17 -0400


Started GET "/assets/turbolinks.js?body=1" for 127.0.0.1 at 2014-06-04 16:10:17 -0400


Started GET "/people" for 127.0.0.1 at 2014-06-04 16:10:18 -0400
Processing by PeopleController#index as JSON
  [1m[36mPerson Load (0.4ms)[0m  [1mSELECT "people".* FROM "people"[0m
Completed 200 OK in 3ms (Views: 0.1ms | ActiveRecord: 0.4ms)


Started POST "/people" for 127.0.0.1 at 2014-06-04 16:10:21 -0400
Processing by PeopleController#create as */*
  Parameters: {"person"=>{"name"=>"Kathew Bod"}}
  [1m[35m (0.2ms)[0m  BEGIN
  [1m[36mSQL (0.6ms)[0m  [1mINSERT INTO "people" ("created_at", "name", "updated_at") VALUES ($1, $2, $3) RETURNING "id"[0m  [["created_at", "2014-06-04 20:10:21.641690"], ["name", "Kathew Bod"], ["updated_at", "2014-06-04 20:10:21.641690"]]
  [1m[35m (6.4ms)[0m  COMMIT
Redirected to http://localhost:3000/people/3
Completed 302 Found in 19ms (ActiveRecord: 7.5ms)


Started GET "/people/3" for 127.0.0.1 at 2014-06-04 16:10:21 -0400
Processing by PeopleController#show as */*
  Parameters: {"id"=>"3"}
  [1m[36mPerson Load (0.4ms)[0m  [1mSELECT  "people".* FROM "people"  WHERE "people"."id" = $1 LIMIT 1[0m  [["id", 3]]
  Rendered people/show.html.erb within layouts/application (0.4ms)
Completed 200 OK in 15ms (Views: 11.6ms | ActiveRecord: 0.3ms)


Started GET "/people" for 127.0.0.1 at 2014-06-04 16:10:22 -0400
Processing by PeopleController#index as JSON
  [1m[35mPerson Load (0.4ms)[0m  SELECT "people".* FROM "people"
Completed 200 OK in 3ms (Views: 0.1ms | ActiveRecord: 0.4ms)


Started GET "/" for 127.0.0.1 at 2014-06-04 16:39:32 -0400
Processing by WelcomeController#index as HTML
  Rendered welcome/index.html.erb within layouts/application (0.1ms)
Completed 200 OK in 8ms (Views: 6.6ms | ActiveRecord: 0.0ms)


Started GET "/assets/application.css?body=1" for 127.0.0.1 at 2014-06-04 16:39:32 -0400


Started GET "/assets/jquery.js?body=1" for 127.0.0.1 at 2014-06-04 16:39:32 -0400


Started GET "/assets/application.js?body=1" for 127.0.0.1 at 2014-06-04 16:39:32 -0400


Started GET "/assets/scripts.js?body=1" for 127.0.0.1 at 2014-06-04 16:39:32 -0400


Started GET "/assets/turbolinks.js?body=1" for 127.0.0.1 at 2014-06-04 16:39:32 -0400


Started GET "/assets/jquery_ujs.js?body=1" for 127.0.0.1 at 2014-06-04 16:39:32 -0400


Started GET "/people" for 127.0.0.1 at 2014-06-04 16:39:33 -0400
Processing by PeopleController#index as JSON
  [1m[36mPerson Load (0.4ms)[0m  [1mSELECT "people".* FROM "people"[0m
Completed 200 OK in 3ms (Views: 0.1ms | ActiveRecord: 0.4ms)


Started POST "/people" for 127.0.0.1 at 2014-06-04 16:39:36 -0400
Processing by PeopleController#create as */*
  Parameters: {"person"=>{"name"=>"Kathew Bod"}}
  [1m[35m (0.1ms)[0m  BEGIN
  [1m[36mSQL (0.3ms)[0m  [1mINSERT INTO "people" ("created_at", "name", "updated_at") VALUES ($1, $2, $3) RETURNING "id"[0m  [["created_at", "2014-06-04 20:39:36.477317"], ["name", "Kathew Bod"], ["updated_at", "2014-06-04 20:39:36.477317"]]
  [1m[35m (1.7ms)[0m  COMMIT
Redirected to http://localhost:3000/people/4
Completed 302 Found in 6ms (ActiveRecord: 2.2ms)


Started GET "/people/4" for 127.0.0.1 at 2014-06-04 16:39:36 -0400
Processing by PeopleController#show as */*
  Parameters: {"id"=>"4"}
  [1m[36mPerson Load (0.4ms)[0m  [1mSELECT  "people".* FROM "people"  WHERE "people"."id" = $1 LIMIT 1[0m  [["id", 4]]
  Rendered people/show.html.erb within layouts/application (0.1ms)
Completed 200 OK in 13ms (Views: 10.8ms | ActiveRecord: 0.4ms)


Started GET "/people" for 127.0.0.1 at 2014-06-04 16:39:37 -0400
Processing by PeopleController#index as JSON
  [1m[35mPerson Load (0.3ms)[0m  SELECT "people".* FROM "people"
Completed 200 OK in 3ms (Views: 0.1ms | ActiveRecord: 0.3ms)


Started GET "/" for 127.0.0.1 at 2014-06-04 16:58:34 -0400
  [1m[36mActiveRecord::SchemaMigration Load (0.8ms)[0m  [1mSELECT "schema_migrations".* FROM "schema_migrations"[0m
Processing by WelcomeController#index as HTML
  Rendered welcome/index.html.erb within layouts/application (1.5ms)
Completed 200 OK in 66ms (Views: 52.2ms | ActiveRecord: 0.0ms)


Started GET "/assets/application.css?body=1" for 127.0.0.1 at 2014-06-04 16:58:34 -0400


Started GET "/assets/jquery.js?body=1" for 127.0.0.1 at 2014-06-04 16:58:35 -0400


Started GET "/assets/turbolinks.js?body=1" for 127.0.0.1 at 2014-06-04 16:58:35 -0400


Started GET "/assets/scripts.js?body=1" for 127.0.0.1 at 2014-06-04 16:58:35 -0400


Started GET "/assets/jquery_ujs.js?body=1" for 127.0.0.1 at 2014-06-04 16:58:35 -0400


Started GET "/assets/application.js?body=1" for 127.0.0.1 at 2014-06-04 16:58:35 -0400


Started GET "/people" for 127.0.0.1 at 2014-06-04 16:58:36 -0400
Processing by PeopleController#index as JSON
  [1m[35mPerson Load (0.6ms)[0m  SELECT "people".* FROM "people"
Completed 200 OK in 12ms (Views: 0.2ms | ActiveRecord: 2.2ms)


Started POST "/people" for 127.0.0.1 at 2014-06-04 16:58:39 -0400
Processing by PeopleController#create as */*
  Parameters: {"person"=>{"name"=>"Kathew Bod"}}
  [1m[36m (0.5ms)[0m  [1mBEGIN[0m
  [1m[35mSQL (0.6ms)[0m  INSERT INTO "people" ("created_at", "name", "updated_at") VALUES ($1, $2, $3) RETURNING "id"  [["created_at", "2014-06-04 20:58:39.135996"], ["name", "Kathew Bod"], ["updated_at", "2014-06-04 20:58:39.135996"]]
  [1m[36m (6.2ms)[0m  [1mCOMMIT[0m
Redirected to http://localhost:3000/people/5
Completed 302 Found in 20ms (ActiveRecord: 7.5ms)


Started GET "/people/5" for 127.0.0.1 at 2014-06-04 16:58:39 -0400
Processing by PeopleController#show as */*
  Parameters: {"id"=>"5"}
  [1m[35mPerson Load (0.6ms)[0m  SELECT  "people".* FROM "people"  WHERE "people"."id" = $1 LIMIT 1  [["id", 5]]
  Rendered people/show.html.erb within layouts/application (0.6ms)
Completed 200 OK in 16ms (Views: 12.3ms | ActiveRecord: 0.6ms)


Started GET "/people" for 127.0.0.1 at 2014-06-04 16:58:40 -0400
Processing by PeopleController#index as JSON
  [1m[36mPerson Load (0.3ms)[0m  [1mSELECT "people".* FROM "people"[0m
Completed 200 OK in 3ms (Views: 0.1ms | ActiveRecord: 0.3ms)


Started GET "/" for 127.0.0.1 at 2014-06-05 11:00:39 -0400
  [1m[36mActiveRecord::SchemaMigration Load (0.6ms)[0m  [1mSELECT "schema_migrations".* FROM "schema_migrations"[0m
Processing by WelcomeController#index as HTML
  Rendered welcome/index.html.erb within layouts/application (2.8ms)
Completed 200 OK in 86ms (Views: 68.7ms | ActiveRecord: 0.0ms)


Started GET "/assets/jquery_ujs.js?body=1" for 127.0.0.1 at 2014-06-05 11:00:39 -0400


Started GET "/assets/scripts.js?body=1" for 127.0.0.1 at 2014-06-05 11:00:39 -0400


Started GET "/assets/application.css?body=1" for 127.0.0.1 at 2014-06-05 11:00:39 -0400


Started GET "/assets/jquery.js?body=1" for 127.0.0.1 at 2014-06-05 11:00:39 -0400


Started GET "/assets/application.js?body=1" for 127.0.0.1 at 2014-06-05 11:00:39 -0400


Started GET "/assets/turbolinks.js?body=1" for 127.0.0.1 at 2014-06-05 11:00:39 -0400


Started GET "/" for 127.0.0.1 at 2014-06-05 11:17:20 -0400
Processing by WelcomeController#index as HTML
  Rendered welcome/index.html.erb within layouts/application (0.1ms)
Completed 200 OK in 32ms (Views: 31.3ms | ActiveRecord: 0.0ms)


Started GET "/assets/application.css?body=1" for 127.0.0.1 at 2014-06-05 11:17:20 -0400


Started GET "/assets/jquery_ujs.js?body=1" for 127.0.0.1 at 2014-06-05 11:17:20 -0400


Started GET "/assets/jquery.js?body=1" for 127.0.0.1 at 2014-06-05 11:17:20 -0400


Started GET "/assets/scripts.js?body=1" for 127.0.0.1 at 2014-06-05 11:17:20 -0400


Started GET "/assets/turbolinks.js?body=1" for 127.0.0.1 at 2014-06-05 11:17:20 -0400


Started GET "/assets/application.js?body=1" for 127.0.0.1 at 2014-06-05 11:17:20 -0400


Started GET "/" for 127.0.0.1 at 2014-06-05 11:19:56 -0400
Processing by WelcomeController#index as HTML
  Rendered welcome/index.html.erb within layouts/application (0.1ms)
Completed 200 OK in 36ms (Views: 34.8ms | ActiveRecord: 0.0ms)


Started GET "/assets/application.css?body=1" for 127.0.0.1 at 2014-06-05 11:19:56 -0400


Started GET "/assets/turbolinks.js?body=1" for 127.0.0.1 at 2014-06-05 11:19:56 -0400


Started GET "/assets/jquery.js?body=1" for 127.0.0.1 at 2014-06-05 11:19:56 -0400


Started GET "/assets/jquery_ujs.js?body=1" for 127.0.0.1 at 2014-06-05 11:19:56 -0400


Started GET "/assets/application.js?body=1" for 127.0.0.1 at 2014-06-05 11:19:56 -0400


Started GET "/assets/scripts.js?body=1" for 127.0.0.1 at 2014-06-05 11:19:56 -0400


Started GET "/" for 127.0.0.1 at 2014-06-05 11:34:28 -0400
Processing by WelcomeController#index as HTML
  Rendered welcome/index.html.erb within layouts/application (0.1ms)
Completed 200 OK in 35ms (Views: 34.0ms | ActiveRecord: 0.0ms)


Started GET "/assets/application.css?body=1" for 127.0.0.1 at 2014-06-05 11:34:28 -0400


Started GET "/assets/jquery_ujs.js?body=1" for 127.0.0.1 at 2014-06-05 11:34:28 -0400


Started GET "/assets/scripts.js?body=1" for 127.0.0.1 at 2014-06-05 11:34:28 -0400


Started GET "/assets/jquery.js?body=1" for 127.0.0.1 at 2014-06-05 11:34:28 -0400


Started GET "/assets/turbolinks.js?body=1" for 127.0.0.1 at 2014-06-05 11:34:28 -0400


Started GET "/assets/application.js?body=1" for 127.0.0.1 at 2014-06-05 11:34:28 -0400


Started GET "/" for 127.0.0.1 at 2014-06-05 11:38:47 -0400
Processing by WelcomeController#index as HTML
  Rendered welcome/index.html.erb within layouts/application (0.1ms)
Completed 200 OK in 33ms (Views: 31.9ms | ActiveRecord: 0.0ms)


Started GET "/assets/application.css?body=1" for 127.0.0.1 at 2014-06-05 11:38:47 -0400


Started GET "/assets/scripts.js?body=1" for 127.0.0.1 at 2014-06-05 11:38:47 -0400


Started GET "/assets/jquery.js?body=1" for 127.0.0.1 at 2014-06-05 11:38:47 -0400


Started GET "/assets/turbolinks.js?body=1" for 127.0.0.1 at 2014-06-05 11:38:47 -0400


Started GET "/assets/jquery_ujs.js?body=1" for 127.0.0.1 at 2014-06-05 11:38:47 -0400


Started GET "/assets/application.js?body=1" for 127.0.0.1 at 2014-06-05 11:38:47 -0400


Started GET "/" for 127.0.0.1 at 2014-06-05 11:38:58 -0400
Processing by WelcomeController#index as HTML
  Rendered welcome/index.html.erb within layouts/application (0.1ms)
Completed 200 OK in 9ms (Views: 8.2ms | ActiveRecord: 0.0ms)


Started GET "/assets/application.css?body=1" for 127.0.0.1 at 2014-06-05 11:38:58 -0400


Started GET "/assets/jquery_ujs.js?body=1" for 127.0.0.1 at 2014-06-05 11:38:58 -0400


Started GET "/assets/turbolinks.js?body=1" for 127.0.0.1 at 2014-06-05 11:38:58 -0400


Started GET "/assets/jquery.js?body=1" for 127.0.0.1 at 2014-06-05 11:38:58 -0400


Started GET "/assets/scripts.js?body=1" for 127.0.0.1 at 2014-06-05 11:38:58 -0400


Started GET "/assets/application.js?body=1" for 127.0.0.1 at 2014-06-05 11:38:58 -0400


Started GET "/" for 127.0.0.1 at 2014-06-05 11:38:59 -0400
Processing by WelcomeController#index as HTML
  Rendered welcome/index.html.erb within layouts/application (0.1ms)
Completed 200 OK in 7ms (Views: 5.6ms | ActiveRecord: 0.0ms)


Started GET "/assets/application.css?body=1" for 127.0.0.1 at 2014-06-05 11:38:59 -0400


Started GET "/assets/jquery_ujs.js?body=1" for 127.0.0.1 at 2014-06-05 11:38:59 -0400


Started GET "/assets/turbolinks.js?body=1" for 127.0.0.1 at 2014-06-05 11:38:59 -0400


Started GET "/assets/application.js?body=1" for 127.0.0.1 at 2014-06-05 11:38:59 -0400


Started GET "/assets/scripts.js?body=1" for 127.0.0.1 at 2014-06-05 11:38:59 -0400


Started GET "/assets/jquery.js?body=1" for 127.0.0.1 at 2014-06-05 11:38:59 -0400


Started GET "/" for 127.0.0.1 at 2014-06-05 11:40:17 -0400
Processing by WelcomeController#index as HTML
  Rendered welcome/index.html.erb within layouts/application (0.1ms)
Completed 200 OK in 30ms (Views: 29.3ms | ActiveRecord: 0.0ms)


Started GET "/assets/application.css?body=1" for 127.0.0.1 at 2014-06-05 11:40:17 -0400


Started GET "/assets/jquery.js?body=1" for 127.0.0.1 at 2014-06-05 11:40:17 -0400


Started GET "/assets/jquery_ujs.js?body=1" for 127.0.0.1 at 2014-06-05 11:40:17 -0400


Started GET "/assets/turbolinks.js?body=1" for 127.0.0.1 at 2014-06-05 11:40:17 -0400


Started GET "/assets/application.js?body=1" for 127.0.0.1 at 2014-06-05 11:40:17 -0400


Started GET "/assets/scripts.js?body=1" for 127.0.0.1 at 2014-06-05 11:40:17 -0400


Started GET "/" for 127.0.0.1 at 2014-06-05 11:42:28 -0400
Processing by WelcomeController#index as HTML
  Rendered welcome/index.html.erb within layouts/application (0.1ms)
Completed 200 OK in 32ms (Views: 31.1ms | ActiveRecord: 0.0ms)


Started GET "/assets/application.css?body=1" for 127.0.0.1 at 2014-06-05 11:42:28 -0400


Started GET "/assets/jquery.js?body=1" for 127.0.0.1 at 2014-06-05 11:42:28 -0400


Started GET "/assets/jquery_ujs.js?body=1" for 127.0.0.1 at 2014-06-05 11:42:28 -0400


Started GET "/assets/scripts.js?body=1" for 127.0.0.1 at 2014-06-05 11:42:28 -0400


Started GET "/assets/application.js?body=1" for 127.0.0.1 at 2014-06-05 11:42:28 -0400


Started GET "/assets/turbolinks.js?body=1" for 127.0.0.1 at 2014-06-05 11:42:28 -0400


Started GET "/" for 127.0.0.1 at 2014-06-05 11:42:46 -0400
Processing by WelcomeController#index as HTML
  Rendered welcome/index.html.erb within layouts/application (0.1ms)
Completed 200 OK in 35ms (Views: 33.8ms | ActiveRecord: 0.0ms)


Started GET "/assets/application.css?body=1" for 127.0.0.1 at 2014-06-05 11:42:46 -0400


Started GET "/assets/jquery.js?body=1" for 127.0.0.1 at 2014-06-05 11:42:46 -0400


Started GET "/assets/turbolinks.js?body=1" for 127.0.0.1 at 2014-06-05 11:42:46 -0400


Started GET "/assets/jquery_ujs.js?body=1" for 127.0.0.1 at 2014-06-05 11:42:46 -0400


Started GET "/assets/scripts.js?body=1" for 127.0.0.1 at 2014-06-05 11:42:46 -0400


Started GET "/assets/application.js?body=1" for 127.0.0.1 at 2014-06-05 11:42:46 -0400


Started GET "/" for 127.0.0.1 at 2014-06-05 11:56:29 -0400
Processing by WelcomeController#index as HTML
  Rendered welcome/index.html.erb within layouts/application (0.1ms)
Completed 200 OK in 35ms (Views: 34.0ms | ActiveRecord: 0.0ms)


Started GET "/assets/application.css?body=1" for 127.0.0.1 at 2014-06-05 11:56:29 -0400


Started GET "/assets/jquery.js?body=1" for 127.0.0.1 at 2014-06-05 11:56:29 -0400


Started GET "/assets/turbolinks.js?body=1" for 127.0.0.1 at 2014-06-05 11:56:29 -0400


Started GET "/assets/scripts.js?body=1" for 127.0.0.1 at 2014-06-05 11:56:29 -0400


Started GET "/assets/jquery_ujs.js?body=1" for 127.0.0.1 at 2014-06-05 11:56:29 -0400


Started GET "/assets/application.js?body=1" for 127.0.0.1 at 2014-06-05 11:56:29 -0400


Started GET "/" for 127.0.0.1 at 2014-06-05 11:56:43 -0400
Processing by WelcomeController#index as HTML
  Rendered welcome/index.html.erb within layouts/application (0.1ms)
Completed 200 OK in 36ms (Views: 35.0ms | ActiveRecord: 0.0ms)


Started GET "/assets/application.css?body=1" for 127.0.0.1 at 2014-06-05 11:56:43 -0400


Started GET "/assets/jquery_ujs.js?body=1" for 127.0.0.1 at 2014-06-05 11:56:43 -0400


Started GET "/assets/jquery.js?body=1" for 127.0.0.1 at 2014-06-05 11:56:43 -0400


Started GET "/assets/turbolinks.js?body=1" for 127.0.0.1 at 2014-06-05 11:56:43 -0400


Started GET "/assets/application.js?body=1" for 127.0.0.1 at 2014-06-05 11:56:43 -0400


Started GET "/assets/scripts.js?body=1" for 127.0.0.1 at 2014-06-05 11:56:43 -0400


Started GET "/" for 127.0.0.1 at 2014-06-05 11:56:59 -0400
Processing by WelcomeController#index as HTML
  Rendered welcome/index.html.erb within layouts/application (0.1ms)
Completed 200 OK in 36ms (Views: 34.5ms | ActiveRecord: 0.0ms)


Started GET "/assets/application.css?body=1" for 127.0.0.1 at 2014-06-05 11:56:59 -0400


Started GET "/assets/jquery.js?body=1" for 127.0.0.1 at 2014-06-05 11:56:59 -0400


Started GET "/assets/scripts.js?body=1" for 127.0.0.1 at 2014-06-05 11:56:59 -0400


Started GET "/assets/jquery_ujs.js?body=1" for 127.0.0.1 at 2014-06-05 11:56:59 -0400


Started GET "/assets/application.js?body=1" for 127.0.0.1 at 2014-06-05 11:56:59 -0400


Started GET "/assets/turbolinks.js?body=1" for 127.0.0.1 at 2014-06-05 11:56:59 -0400


Started GET "/" for 127.0.0.1 at 2014-06-05 11:59:53 -0400
Processing by WelcomeController#index as HTML
  Rendered welcome/index.html.erb within layouts/application (0.1ms)
Completed 200 OK in 35ms (Views: 33.7ms | ActiveRecord: 0.0ms)


Started GET "/assets/application.css?body=1" for 127.0.0.1 at 2014-06-05 11:59:53 -0400


Started GET "/assets/scripts.js?body=1" for 127.0.0.1 at 2014-06-05 11:59:53 -0400


Started GET "/assets/jquery_ujs.js?body=1" for 127.0.0.1 at 2014-06-05 11:59:53 -0400


Started GET "/assets/turbolinks.js?body=1" for 127.0.0.1 at 2014-06-05 11:59:53 -0400


Started GET "/assets/jquery.js?body=1" for 127.0.0.1 at 2014-06-05 11:59:53 -0400


Started GET "/assets/application.js?body=1" for 127.0.0.1 at 2014-06-05 11:59:53 -0400


Started GET "/" for 127.0.0.1 at 2014-06-05 12:02:40 -0400
Processing by WelcomeController#index as HTML
  Rendered welcome/index.html.erb within layouts/application (0.1ms)
Completed 200 OK in 36ms (Views: 35.1ms | ActiveRecord: 0.0ms)


Started GET "/assets/application.css?body=1" for 127.0.0.1 at 2014-06-05 12:02:40 -0400


Started GET "/assets/turbolinks.js?body=1" for 127.0.0.1 at 2014-06-05 12:02:40 -0400


Started GET "/assets/jquery_ujs.js?body=1" for 127.0.0.1 at 2014-06-05 12:02:40 -0400


Started GET "/assets/jquery.js?body=1" for 127.0.0.1 at 2014-06-05 12:02:40 -0400


Started GET "/assets/application.js?body=1" for 127.0.0.1 at 2014-06-05 12:02:40 -0400


Started GET "/assets/scripts.js?body=1" for 127.0.0.1 at 2014-06-05 12:02:40 -0400


Started GET "/people" for 127.0.0.1 at 2014-06-05 12:02:40 -0400
Processing by PeopleController#index as JSON
  [1m[35mPerson Load (5.2ms)[0m  SELECT "people".* FROM "people"
Completed 200 OK in 20ms (Views: 0.2ms | ActiveRecord: 8.2ms)


Started GET "/" for 127.0.0.1 at 2014-06-05 12:12:05 -0400
Processing by WelcomeController#index as HTML
  Rendered welcome/index.html.erb within layouts/application (0.1ms)
Completed 200 OK in 35ms (Views: 33.6ms | ActiveRecord: 0.0ms)


Started GET "/assets/application.css?body=1" for 127.0.0.1 at 2014-06-05 12:12:05 -0400


Started GET "/assets/scripts.js?body=1" for 127.0.0.1 at 2014-06-05 12:12:05 -0400


Started GET "/assets/jquery_ujs.js?body=1" for 127.0.0.1 at 2014-06-05 12:12:05 -0400


Started GET "/assets/jquery.js?body=1" for 127.0.0.1 at 2014-06-05 12:12:05 -0400


Started GET "/assets/turbolinks.js?body=1" for 127.0.0.1 at 2014-06-05 12:12:05 -0400


Started GET "/assets/application.js?body=1" for 127.0.0.1 at 2014-06-05 12:12:05 -0400


Started GET "/people" for 127.0.0.1 at 2014-06-05 12:12:05 -0400
Processing by PeopleController#index as JSON
  [1m[36mPerson Load (1.4ms)[0m  [1mSELECT "people".* FROM "people"[0m
Completed 200 OK in 8ms (Views: 0.3ms | ActiveRecord: 1.4ms)


Started GET "/" for 127.0.0.1 at 2014-06-05 12:14:55 -0400
Processing by WelcomeController#index as HTML
  Rendered welcome/index.html.erb within layouts/application (0.1ms)
Completed 200 OK in 33ms (Views: 31.6ms | ActiveRecord: 0.0ms)


Started GET "/assets/application.css?body=1" for 127.0.0.1 at 2014-06-05 12:14:55 -0400


Started GET "/assets/jquery.js?body=1" for 127.0.0.1 at 2014-06-05 12:14:55 -0400


Started GET "/assets/jquery_ujs.js?body=1" for 127.0.0.1 at 2014-06-05 12:14:55 -0400


Started GET "/assets/scripts.js?body=1" for 127.0.0.1 at 2014-06-05 12:14:55 -0400


Started GET "/assets/turbolinks.js?body=1" for 127.0.0.1 at 2014-06-05 12:14:55 -0400


Started GET "/assets/application.js?body=1" for 127.0.0.1 at 2014-06-05 12:14:55 -0400


Started GET "/people" for 127.0.0.1 at 2014-06-05 12:14:55 -0400
Processing by PeopleController#index as JSON
  [1m[35mPerson Load (2.2ms)[0m  SELECT "people".* FROM "people"
Completed 200 OK in 8ms (Views: 0.2ms | ActiveRecord: 2.2ms)


Started GET "/" for 127.0.0.1 at 2014-06-05 12:15:34 -0400
Processing by WelcomeController#index as HTML
  Rendered welcome/index.html.erb within layouts/application (0.0ms)
Completed 200 OK in 6ms (Views: 5.0ms | ActiveRecord: 0.0ms)


Started GET "/assets/application.css?body=1" for 127.0.0.1 at 2014-06-05 12:15:34 -0400


Started GET "/assets/scripts.js?body=1" for 127.0.0.1 at 2014-06-05 12:15:34 -0400


Started GET "/assets/jquery_ujs.js?body=1" for 127.0.0.1 at 2014-06-05 12:15:34 -0400


Started GET "/assets/turbolinks.js?body=1" for 127.0.0.1 at 2014-06-05 12:15:34 -0400


Started GET "/assets/jquery.js?body=1" for 127.0.0.1 at 2014-06-05 12:15:34 -0400


Started GET "/assets/application.js?body=1" for 127.0.0.1 at 2014-06-05 12:15:34 -0400


Started GET "/people" for 127.0.0.1 at 2014-06-05 12:15:34 -0400
Processing by PeopleController#index as JSON
  [1m[36mPerson Load (0.4ms)[0m  [1mSELECT "people".* FROM "people"[0m
Completed 200 OK in 5ms (Views: 0.3ms | ActiveRecord: 0.4ms)


Started GET "/" for 127.0.0.1 at 2014-06-05 12:17:12 -0400
Processing by WelcomeController#index as HTML
  Rendered welcome/index.html.erb within layouts/application (0.1ms)
Completed 200 OK in 7ms (Views: 5.6ms | ActiveRecord: 0.0ms)


Started GET "/assets/application.css?body=1" for 127.0.0.1 at 2014-06-05 12:17:12 -0400


Started GET "/assets/jquery_ujs.js?body=1" for 127.0.0.1 at 2014-06-05 12:17:12 -0400


Started GET "/assets/jquery.js?body=1" for 127.0.0.1 at 2014-06-05 12:17:12 -0400


Started GET "/assets/scripts.js?body=1" for 127.0.0.1 at 2014-06-05 12:17:12 -0400


Started GET "/assets/turbolinks.js?body=1" for 127.0.0.1 at 2014-06-05 12:17:12 -0400


Started GET "/assets/application.js?body=1" for 127.0.0.1 at 2014-06-05 12:17:12 -0400


Started GET "/people" for 127.0.0.1 at 2014-06-05 12:17:12 -0400
Processing by PeopleController#index as JSON
  [1m[35mPerson Load (0.6ms)[0m  SELECT "people".* FROM "people"
Completed 200 OK in 6ms (Views: 0.3ms | ActiveRecord: 0.6ms)


Started GET "/" for 127.0.0.1 at 2014-06-05 12:27:36 -0400
Processing by WelcomeController#index as HTML
  Rendered welcome/index.html.erb within layouts/application (0.1ms)
Completed 200 OK in 8ms (Views: 5.7ms | ActiveRecord: 0.0ms)


Started GET "/assets/application.css?body=1" for 127.0.0.1 at 2014-06-05 12:27:37 -0400


Started GET "/assets/turbolinks.js?body=1" for 127.0.0.1 at 2014-06-05 12:27:37 -0400


Started GET "/assets/jquery_ujs.js?body=1" for 127.0.0.1 at 2014-06-05 12:27:37 -0400


Started GET "/assets/scripts.js?body=1" for 127.0.0.1 at 2014-06-05 12:27:37 -0400


Started GET "/assets/jquery.js?body=1" for 127.0.0.1 at 2014-06-05 12:27:37 -0400


Started GET "/assets/application.js?body=1" for 127.0.0.1 at 2014-06-05 12:27:37 -0400


Started GET "/people" for 127.0.0.1 at 2014-06-05 12:27:37 -0400
Processing by PeopleController#index as JSON
  [1m[36mPerson Load (0.5ms)[0m  [1mSELECT "people".* FROM "people"[0m
Completed 200 OK in 6ms (Views: 0.3ms | ActiveRecord: 0.5ms)


Started GET "/" for 127.0.0.1 at 2014-06-05 12:28:55 -0400
Processing by WelcomeController#index as HTML
  Rendered welcome/index.html.erb within layouts/application (0.1ms)
Completed 200 OK in 8ms (Views: 7.0ms | ActiveRecord: 0.0ms)


Started GET "/assets/application.css?body=1" for 127.0.0.1 at 2014-06-05 12:28:56 -0400


Started GET "/assets/jquery_ujs.js?body=1" for 127.0.0.1 at 2014-06-05 12:28:56 -0400


Started GET "/assets/jquery.js?body=1" for 127.0.0.1 at 2014-06-05 12:28:56 -0400


Started GET "/assets/turbolinks.js?body=1" for 127.0.0.1 at 2014-06-05 12:28:56 -0400


Started GET "/assets/application.js?body=1" for 127.0.0.1 at 2014-06-05 12:28:56 -0400


Started GET "/assets/scripts.js?body=1" for 127.0.0.1 at 2014-06-05 12:28:56 -0400


Started GET "/people" for 127.0.0.1 at 2014-06-05 12:28:56 -0400
Processing by PeopleController#index as JSON
  [1m[35mPerson Load (0.5ms)[0m  SELECT "people".* FROM "people"
Completed 200 OK in 6ms (Views: 0.3ms | ActiveRecord: 0.5ms)


Started GET "/" for 127.0.0.1 at 2014-06-05 12:31:19 -0400
Processing by WelcomeController#index as HTML
  Rendered welcome/index.html.erb within layouts/application (0.1ms)
Completed 200 OK in 7ms (Views: 6.1ms | ActiveRecord: 0.0ms)


Started GET "/assets/application.css?body=1" for 127.0.0.1 at 2014-06-05 12:31:19 -0400


Started GET "/assets/jquery_ujs.js?body=1" for 127.0.0.1 at 2014-06-05 12:31:19 -0400


Started GET "/assets/jquery.js?body=1" for 127.0.0.1 at 2014-06-05 12:31:19 -0400


Started GET "/assets/turbolinks.js?body=1" for 127.0.0.1 at 2014-06-05 12:31:19 -0400


Started GET "/assets/scripts.js?body=1" for 127.0.0.1 at 2014-06-05 12:31:19 -0400


Started GET "/assets/application.js?body=1" for 127.0.0.1 at 2014-06-05 12:31:19 -0400


Started GET "/people" for 127.0.0.1 at 2014-06-05 12:31:19 -0400
Processing by PeopleController#index as JSON
  [1m[36mPerson Load (0.5ms)[0m  [1mSELECT "people".* FROM "people"[0m
Completed 200 OK in 7ms (Views: 0.3ms | ActiveRecord: 0.5ms)


Started GET "/" for 127.0.0.1 at 2014-06-05 13:19:45 -0400
Processing by WelcomeController#index as HTML
  Rendered welcome/index.html.erb within layouts/application (0.5ms)
Completed 200 OK in 46ms (Views: 44.1ms | ActiveRecord: 0.0ms)


Started GET "/assets/application.css?body=1" for 127.0.0.1 at 2014-06-05 13:19:45 -0400


Started GET "/assets/jquery_ujs.js?body=1" for 127.0.0.1 at 2014-06-05 13:19:45 -0400


Started GET "/assets/jquery.js?body=1" for 127.0.0.1 at 2014-06-05 13:19:45 -0400


Started GET "/assets/application.js?body=1" for 127.0.0.1 at 2014-06-05 13:19:45 -0400


Started GET "/assets/scripts.js?body=1" for 127.0.0.1 at 2014-06-05 13:19:45 -0400


Started GET "/assets/turbolinks.js?body=1" for 127.0.0.1 at 2014-06-05 13:19:45 -0400


Started GET "/people" for 127.0.0.1 at 2014-06-05 13:19:45 -0400
Processing by PeopleController#index as JSON
  [1m[35mPerson Load (0.4ms)[0m  SELECT "people".* FROM "people"
Completed 200 OK in 5ms (Views: 0.2ms | ActiveRecord: 0.4ms)


Started GET "/" for 127.0.0.1 at 2014-06-05 13:46:04 -0400
Processing by WelcomeController#index as HTML
  Rendered welcome/index.html.erb within layouts/application (0.1ms)
Completed 200 OK in 6ms (Views: 5.5ms | ActiveRecord: 0.0ms)


Started GET "/assets/application.css?body=1" for 127.0.0.1 at 2014-06-05 13:46:04 -0400


Started GET "/assets/jquery.js?body=1" for 127.0.0.1 at 2014-06-05 13:46:04 -0400


Started GET "/assets/turbolinks.js?body=1" for 127.0.0.1 at 2014-06-05 13:46:04 -0400


Started GET "/assets/application.js?body=1" for 127.0.0.1 at 2014-06-05 13:46:04 -0400


Started GET "/assets/scripts.js?body=1" for 127.0.0.1 at 2014-06-05 13:46:04 -0400


Started GET "/assets/jquery_ujs.js?body=1" for 127.0.0.1 at 2014-06-05 13:46:04 -0400


Started GET "/people" for 127.0.0.1 at 2014-06-05 13:46:04 -0400
Processing by PeopleController#index as JSON
  [1m[36mPerson Load (0.6ms)[0m  [1mSELECT "people".* FROM "people"[0m
Completed 200 OK in 6ms (Views: 0.3ms | ActiveRecord: 0.6ms)


Started GET "/" for 127.0.0.1 at 2014-06-05 16:01:38 -0400
  [1m[36mActiveRecord::SchemaMigration Load (0.6ms)[0m  [1mSELECT "schema_migrations".* FROM "schema_migrations"[0m
Processing by WelcomeController#index as HTML
  Rendered welcome/index.html.erb within layouts/application (2.5ms)
Completed 200 OK in 76ms (Views: 58.8ms | ActiveRecord: 0.0ms)


Started GET "/assets/turbolinks.js?body=1" for 127.0.0.1 at 2014-06-05 16:01:38 -0400


Started GET "/assets/jquery_ujs.js?body=1" for 127.0.0.1 at 2014-06-05 16:01:38 -0400


Started GET "/assets/application.js?body=1" for 127.0.0.1 at 2014-06-05 16:01:38 -0400


Started GET "/assets/scripts.js?body=1" for 127.0.0.1 at 2014-06-05 16:01:38 -0400


Started GET "/assets/jquery.js?body=1" for 127.0.0.1 at 2014-06-05 16:01:38 -0400


Started GET "/assets/application.css?body=1" for 127.0.0.1 at 2014-06-05 16:01:38 -0400


Started GET "/people" for 127.0.0.1 at 2014-06-05 16:01:38 -0400
Processing by PeopleController#index as JSON
  [1m[35mPerson Load (1.2ms)[0m  SELECT "people".* FROM "people"
Completed 200 OK in 27ms (Views: 0.4ms | ActiveRecord: 4.8ms)


Started POST "/people" for 127.0.0.1 at 2014-06-05 16:01:46 -0400
Processing by PeopleController#create as JSON
  Parameters: {"person"=>{"name"=>"ewew"}}
  [1m[36m (0.2ms)[0m  [1mBEGIN[0m
  [1m[35mSQL (0.5ms)[0m  INSERT INTO "people" ("created_at", "name", "updated_at") VALUES ($1, $2, $3) RETURNING "id"  [["created_at", "2014-06-05 20:01:46.261236"], ["name", "ewew"], ["updated_at", "2014-06-05 20:01:46.261236"]]
  [1m[36m (6.3ms)[0m  [1mCOMMIT[0m
Redirected to http://localhost:3000/people/6
Completed 302 Found in 18ms (ActiveRecord: 7.3ms)


Started GET "/people/6" for 127.0.0.1 at 2014-06-05 16:01:46 -0400
Processing by PeopleController#show as JSON
  Parameters: {"id"=>"6"}
  [1m[35mPerson Load (0.5ms)[0m  SELECT  "people".* FROM "people"  WHERE "people"."id" = $1 LIMIT 1  [["id", 6]]
  Rendered people/show.html.erb within layouts/application (0.4ms)
Completed 200 OK in 18ms (Views: 13.4ms | ActiveRecord: 0.5ms)


Started GET "/" for 127.0.0.1 at 2014-06-05 16:01:50 -0400
Processing by WelcomeController#index as HTML
  Rendered welcome/index.html.erb within layouts/application (0.1ms)
Completed 200 OK in 9ms (Views: 8.2ms | ActiveRecord: 0.0ms)


Started GET "/assets/jquery.js?body=1" for 127.0.0.1 at 2014-06-05 16:01:50 -0400


Started GET "/assets/turbolinks.js?body=1" for 127.0.0.1 at 2014-06-05 16:01:50 -0400


Started GET "/assets/jquery_ujs.js?body=1" for 127.0.0.1 at 2014-06-05 16:01:50 -0400


Started GET "/assets/scripts.js?body=1" for 127.0.0.1 at 2014-06-05 16:01:50 -0400


Started GET "/assets/application.css?body=1" for 127.0.0.1 at 2014-06-05 16:01:50 -0400


Started GET "/assets/application.js?body=1" for 127.0.0.1 at 2014-06-05 16:01:50 -0400


Started GET "/people" for 127.0.0.1 at 2014-06-05 16:01:50 -0400
Processing by PeopleController#index as JSON
  [1m[36mPerson Load (1.0ms)[0m  [1mSELECT "people".* FROM "people"[0m
Completed 200 OK in 8ms (Views: 0.2ms | ActiveRecord: 1.0ms)


Started POST "/people" for 127.0.0.1 at 2014-06-05 16:01:56 -0400
Processing by PeopleController#create as JSON
  Parameters: {"person"=>{"name"=>"wewe"}}
  [1m[35m (0.2ms)[0m  BEGIN
  [1m[36mSQL (0.3ms)[0m  [1mINSERT INTO "people" ("created_at", "name", "updated_at") VALUES ($1, $2, $3) RETURNING "id"[0m  [["created_at", "2014-06-05 20:01:56.505063"], ["name", "wewe"], ["updated_at", "2014-06-05 20:01:56.505063"]]
  [1m[35m (1.9ms)[0m  COMMIT
Redirected to http://localhost:3000/people/7
Completed 302 Found in 6ms (ActiveRecord: 2.4ms)


Started GET "/people/7" for 127.0.0.1 at 2014-06-05 16:01:56 -0400
Processing by PeopleController#show as JSON
  Parameters: {"id"=>"7"}
  [1m[36mPerson Load (0.5ms)[0m  [1mSELECT  "people".* FROM "people"  WHERE "people"."id" = $1 LIMIT 1[0m  [["id", 7]]
  Rendered people/show.html.erb within layouts/application (0.0ms)
Completed 200 OK in 12ms (Views: 9.5ms | ActiveRecord: 0.5ms)


Started GET "/" for 127.0.0.1 at 2014-06-05 16:01:58 -0400
Processing by WelcomeController#index as HTML
  Rendered welcome/index.html.erb within layouts/application (0.1ms)
Completed 200 OK in 7ms (Views: 5.7ms | ActiveRecord: 0.0ms)


Started GET "/assets/jquery_ujs.js?body=1" for 127.0.0.1 at 2014-06-05 16:01:59 -0400


Started GET "/assets/application.js?body=1" for 127.0.0.1 at 2014-06-05 16:01:59 -0400


Started GET "/assets/application.css?body=1" for 127.0.0.1 at 2014-06-05 16:01:59 -0400


Started GET "/assets/turbolinks.js?body=1" for 127.0.0.1 at 2014-06-05 16:01:59 -0400


Started GET "/assets/scripts.js?body=1" for 127.0.0.1 at 2014-06-05 16:01:59 -0400


Started GET "/assets/jquery.js?body=1" for 127.0.0.1 at 2014-06-05 16:01:59 -0400


Started GET "/people" for 127.0.0.1 at 2014-06-05 16:01:59 -0400
Processing by PeopleController#index as JSON
  [1m[35mPerson Load (0.6ms)[0m  SELECT "people".* FROM "people"
Completed 200 OK in 7ms (Views: 0.3ms | ActiveRecord: 0.6ms)


Started POST "/people" for 127.0.0.1 at 2014-06-05 16:03:04 -0400
Processing by PeopleController#create as JSON
  Parameters: {"person"=>{"name"=>"fgfg"}}
  [1m[36m (0.2ms)[0m  [1mBEGIN[0m
  [1m[35mSQL (0.3ms)[0m  INSERT INTO "people" ("created_at", "name", "updated_at") VALUES ($1, $2, $3) RETURNING "id"  [["created_at", "2014-06-05 20:03:04.468562"], ["name", "fgfg"], ["updated_at", "2014-06-05 20:03:04.468562"]]
  [1m[36m (1.7ms)[0m  [1mCOMMIT[0m
Redirected to http://localhost:3000/people/8
Completed 302 Found in 5ms (ActiveRecord: 2.1ms)


Started GET "/people/8" for 127.0.0.1 at 2014-06-05 16:03:04 -0400
Processing by PeopleController#show as JSON
  Parameters: {"id"=>"8"}
  [1m[35mPerson Load (0.4ms)[0m  SELECT  "people".* FROM "people"  WHERE "people"."id" = $1 LIMIT 1  [["id", 8]]
  Rendered people/show.html.erb within layouts/application (0.1ms)
Completed 200 OK in 11ms (Views: 9.0ms | ActiveRecord: 0.4ms)


Started GET "/" for 127.0.0.1 at 2014-06-05 16:03:05 -0400
Processing by WelcomeController#index as HTML
  Rendered welcome/index.html.erb within layouts/application (0.1ms)
Completed 200 OK in 7ms (Views: 5.7ms | ActiveRecord: 0.0ms)


Started GET "/assets/application.css?body=1" for 127.0.0.1 at 2014-06-05 16:03:06 -0400


Started GET "/assets/jquery.js?body=1" for 127.0.0.1 at 2014-06-05 16:03:06 -0400


Started GET "/assets/application.js?body=1" for 127.0.0.1 at 2014-06-05 16:03:06 -0400


Started GET "/assets/turbolinks.js?body=1" for 127.0.0.1 at 2014-06-05 16:03:06 -0400


Started GET "/assets/scripts.js?body=1" for 127.0.0.1 at 2014-06-05 16:03:06 -0400


Started GET "/assets/jquery_ujs.js?body=1" for 127.0.0.1 at 2014-06-05 16:03:06 -0400


Started GET "/people" for 127.0.0.1 at 2014-06-05 16:03:06 -0400
Processing by PeopleController#index as JSON
  [1m[36mPerson Load (0.5ms)[0m  [1mSELECT "people".* FROM "people"[0m
Completed 200 OK in 6ms (Views: 0.2ms | ActiveRecord: 0.5ms)


Started GET "/" for 127.0.0.1 at 2014-06-05 16:04:11 -0400
Processing by WelcomeController#index as HTML
  Rendered welcome/index.html.erb within layouts/application (0.0ms)
Completed 200 OK in 7ms (Views: 5.5ms | ActiveRecord: 0.0ms)


Started GET "/assets/application.css?body=1" for 127.0.0.1 at 2014-06-05 16:04:11 -0400


Started GET "/assets/jquery.js?body=1" for 127.0.0.1 at 2014-06-05 16:04:11 -0400


Started GET "/assets/jquery_ujs.js?body=1" for 127.0.0.1 at 2014-06-05 16:04:11 -0400


Started GET "/assets/application.js?body=1" for 127.0.0.1 at 2014-06-05 16:04:11 -0400


Started GET "/assets/turbolinks.js?body=1" for 127.0.0.1 at 2014-06-05 16:04:11 -0400


Started GET "/assets/scripts.js?body=1" for 127.0.0.1 at 2014-06-05 16:04:11 -0400


Started GET "/people" for 127.0.0.1 at 2014-06-05 16:04:11 -0400
Processing by PeopleController#index as JSON
  [1m[35mPerson Load (0.9ms)[0m  SELECT "people".* FROM "people"
Completed 200 OK in 10ms (Views: 0.6ms | ActiveRecord: 0.9ms)


Started POST "/people" for 127.0.0.1 at 2014-06-05 16:04:18 -0400
Processing by PeopleController#create as JSON
  Parameters: {"person"=>{"name"=>"bob"}}
  [1m[36m (0.2ms)[0m  [1mBEGIN[0m
  [1m[35mSQL (0.3ms)[0m  INSERT INTO "people" ("created_at", "name", "updated_at") VALUES ($1, $2, $3) RETURNING "id"  [["created_at", "2014-06-05 20:04:18.143419"], ["name", "bob"], ["updated_at", "2014-06-05 20:04:18.143419"]]
  [1m[36m (1.7ms)[0m  [1mCOMMIT[0m
Redirected to http://localhost:3000/people/9
Completed 302 Found in 5ms (ActiveRecord: 2.1ms)


Started GET "/people/9" for 127.0.0.1 at 2014-06-05 16:04:18 -0400
Processing by PeopleController#show as JSON
  Parameters: {"id"=>"9"}
  [1m[35mPerson Load (0.4ms)[0m  SELECT  "people".* FROM "people"  WHERE "people"."id" = $1 LIMIT 1  [["id", 9]]
  Rendered people/show.html.erb within layouts/application (0.0ms)
Completed 200 OK in 11ms (Views: 8.8ms | ActiveRecord: 0.4ms)


Started POST "/people" for 127.0.0.1 at 2014-06-05 16:04:20 -0400
Processing by PeopleController#create as JSON
  Parameters: {"person"=>{"name"=>"bob"}}
  [1m[36m (0.2ms)[0m  [1mBEGIN[0m
  [1m[35mSQL (0.4ms)[0m  INSERT INTO "people" ("created_at", "name", "updated_at") VALUES ($1, $2, $3) RETURNING "id"  [["created_at", "2014-06-05 20:04:20.091664"], ["name", "bob"], ["updated_at", "2014-06-05 20:04:20.091664"]]
  [1m[36m (1.7ms)[0m  [1mCOMMIT[0m
Redirected to http://localhost:3000/people/10
Completed 302 Found in 6ms (ActiveRecord: 2.3ms)


Started GET "/people/10" for 127.0.0.1 at 2014-06-05 16:04:20 -0400
Processing by PeopleController#show as JSON
  Parameters: {"id"=>"10"}
  [1m[35mPerson Load (0.4ms)[0m  SELECT  "people".* FROM "people"  WHERE "people"."id" = $1 LIMIT 1  [["id", 10]]
  Rendered people/show.html.erb within layouts/application (0.1ms)
Completed 200 OK in 11ms (Views: 8.8ms | ActiveRecord: 0.4ms)


Started GET "/" for 127.0.0.1 at 2014-06-05 16:04:22 -0400
Processing by WelcomeController#index as HTML
  Rendered welcome/index.html.erb within layouts/application (0.1ms)
Completed 200 OK in 7ms (Views: 5.9ms | ActiveRecord: 0.0ms)


Started GET "/assets/application.css?body=1" for 127.0.0.1 at 2014-06-05 16:04:22 -0400


Started GET "/assets/jquery.js?body=1" for 127.0.0.1 at 2014-06-05 16:04:22 -0400


Started GET "/assets/scripts.js?body=1" for 127.0.0.1 at 2014-06-05 16:04:22 -0400


Started GET "/assets/application.js?body=1" for 127.0.0.1 at 2014-06-05 16:04:22 -0400


Started GET "/assets/jquery_ujs.js?body=1" for 127.0.0.1 at 2014-06-05 16:04:22 -0400


Started GET "/assets/turbolinks.js?body=1" for 127.0.0.1 at 2014-06-05 16:04:22 -0400


Started GET "/people" for 127.0.0.1 at 2014-06-05 16:04:22 -0400
Processing by PeopleController#index as JSON
  [1m[36mPerson Load (1.3ms)[0m  [1mSELECT "people".* FROM "people"[0m
Completed 200 OK in 10ms (Views: 0.2ms | ActiveRecord: 1.3ms)


Started GET "/" for 127.0.0.1 at 2014-06-05 16:05:00 -0400
Processing by WelcomeController#index as HTML
  Rendered welcome/index.html.erb within layouts/application (0.1ms)
Completed 200 OK in 34ms (Views: 32.9ms | ActiveRecord: 0.0ms)


Started GET "/assets/application.css?body=1" for 127.0.0.1 at 2014-06-05 16:05:00 -0400


Started GET "/assets/jquery.js?body=1" for 127.0.0.1 at 2014-06-05 16:05:00 -0400


Started GET "/assets/turbolinks.js?body=1" for 127.0.0.1 at 2014-06-05 16:05:00 -0400


Started GET "/assets/application.js?body=1" for 127.0.0.1 at 2014-06-05 16:05:00 -0400


Started GET "/assets/jquery_ujs.js?body=1" for 127.0.0.1 at 2014-06-05 16:05:00 -0400


Started GET "/assets/scripts.js?body=1" for 127.0.0.1 at 2014-06-05 16:05:00 -0400


Started GET "/people" for 127.0.0.1 at 2014-06-05 16:05:00 -0400
Processing by PeopleController#index as JSON
  [1m[35mPerson Load (0.7ms)[0m  SELECT "people".* FROM "people"
Completed 200 OK in 10ms (Views: 0.2ms | ActiveRecord: 0.7ms)


Started POST "/people" for 127.0.0.1 at 2014-06-05 16:05:08 -0400
Processing by PeopleController#create as JSON
  Parameters: {"person"=>{"name"=>"tim"}}
  [1m[36m (0.2ms)[0m  [1mBEGIN[0m
  [1m[35mSQL (0.3ms)[0m  INSERT INTO "people" ("created_at", "name", "updated_at") VALUES ($1, $2, $3) RETURNING "id"  [["created_at", "2014-06-05 20:05:08.449614"], ["name", "tim"], ["updated_at", "2014-06-05 20:05:08.449614"]]
  [1m[36m (2.0ms)[0m  [1mCOMMIT[0m
Redirected to http://localhost:3000/people/11
Completed 302 Found in 6ms (ActiveRecord: 2.5ms)


Started GET "/people/11" for 127.0.0.1 at 2014-06-05 16:05:08 -0400
Processing by PeopleController#show as JSON
  Parameters: {"id"=>"11"}
  [1m[35mPerson Load (0.3ms)[0m  SELECT  "people".* FROM "people"  WHERE "people"."id" = $1 LIMIT 1  [["id", 11]]
  Rendered people/show.html.erb within layouts/application (0.0ms)
Completed 200 OK in 11ms (Views: 8.6ms | ActiveRecord: 0.3ms)


Started GET "/" for 127.0.0.1 at 2014-06-05 16:05:12 -0400
Processing by WelcomeController#index as HTML
  Rendered welcome/index.html.erb within layouts/application (0.1ms)
Completed 200 OK in 8ms (Views: 6.6ms | ActiveRecord: 0.0ms)


Started GET "/assets/application.css?body=1" for 127.0.0.1 at 2014-06-05 16:05:12 -0400


Started GET "/assets/jquery_ujs.js?body=1" for 127.0.0.1 at 2014-06-05 16:05:12 -0400


Started GET "/assets/turbolinks.js?body=1" for 127.0.0.1 at 2014-06-05 16:05:12 -0400


Started GET "/assets/scripts.js?body=1" for 127.0.0.1 at 2014-06-05 16:05:12 -0400


Started GET "/assets/application.js?body=1" for 127.0.0.1 at 2014-06-05 16:05:12 -0400


Started GET "/assets/jquery.js?body=1" for 127.0.0.1 at 2014-06-05 16:05:12 -0400


Started GET "/people" for 127.0.0.1 at 2014-06-05 16:05:12 -0400
Processing by PeopleController#index as JSON
  [1m[36mPerson Load (0.8ms)[0m  [1mSELECT "people".* FROM "people"[0m
Completed 200 OK in 9ms (Views: 0.2ms | ActiveRecord: 0.8ms)


Started GET "/" for 127.0.0.1 at 2014-06-05 16:06:45 -0400
Processing by WelcomeController#index as HTML
  Rendered welcome/index.html.erb within layouts/application (0.0ms)
Completed 200 OK in 6ms (Views: 5.2ms | ActiveRecord: 0.0ms)


Started GET "/assets/application.css?body=1" for 127.0.0.1 at 2014-06-05 16:06:45 -0400


Started GET "/assets/scripts.js?body=1" for 127.0.0.1 at 2014-06-05 16:06:45 -0400


Started GET "/assets/turbolinks.js?body=1" for 127.0.0.1 at 2014-06-05 16:06:45 -0400


Started GET "/assets/application.js?body=1" for 127.0.0.1 at 2014-06-05 16:06:45 -0400


Started GET "/assets/jquery.js?body=1" for 127.0.0.1 at 2014-06-05 16:06:45 -0400


Started GET "/assets/jquery_ujs.js?body=1" for 127.0.0.1 at 2014-06-05 16:06:45 -0400


Started GET "/people" for 127.0.0.1 at 2014-06-05 16:06:45 -0400
Processing by PeopleController#index as JSON
  [1m[35mPerson Load (0.5ms)[0m  SELECT "people".* FROM "people"
Completed 200 OK in 9ms (Views: 0.3ms | ActiveRecord: 0.5ms)


Started GET "/" for 127.0.0.1 at 2014-06-05 16:07:03 -0400
Processing by WelcomeController#index as HTML
  Rendered welcome/index.html.erb within layouts/application (0.0ms)
Completed 200 OK in 6ms (Views: 5.5ms | ActiveRecord: 0.0ms)


Started GET "/assets/application.css?body=1" for 127.0.0.1 at 2014-06-05 16:07:03 -0400


Started GET "/assets/turbolinks.js?body=1" for 127.0.0.1 at 2014-06-05 16:07:03 -0400


Started GET "/assets/jquery_ujs.js?body=1" for 127.0.0.1 at 2014-06-05 16:07:03 -0400


Started GET "/assets/scripts.js?body=1" for 127.0.0.1 at 2014-06-05 16:07:03 -0400


Started GET "/assets/jquery.js?body=1" for 127.0.0.1 at 2014-06-05 16:07:03 -0400


Started GET "/assets/application.js?body=1" for 127.0.0.1 at 2014-06-05 16:07:03 -0400


Started GET "/people" for 127.0.0.1 at 2014-06-05 16:07:03 -0400
Processing by PeopleController#index as JSON
  [1m[36mPerson Load (1.3ms)[0m  [1mSELECT "people".* FROM "people"[0m
Completed 200 OK in 10ms (Views: 0.3ms | ActiveRecord: 1.3ms)


Started POST "/people" for 127.0.0.1 at 2014-06-05 16:07:20 -0400
Processing by PeopleController#create as JSON
  Parameters: {"person"=>{"name"=>"hap"}}
  [1m[35m (0.2ms)[0m  BEGIN
  [1m[36mSQL (0.3ms)[0m  [1mINSERT INTO "people" ("created_at", "name", "updated_at") VALUES ($1, $2, $3) RETURNING "id"[0m  [["created_at", "2014-06-05 20:07:20.483733"], ["name", "hap"], ["updated_at", "2014-06-05 20:07:20.483733"]]
  [1m[35m (1.8ms)[0m  COMMIT
Redirected to http://localhost:3000/people/12
Completed 302 Found in 5ms (ActiveRecord: 2.2ms)


Started GET "/people/12" for 127.0.0.1 at 2014-06-05 16:07:20 -0400
Processing by PeopleController#show as JSON
  Parameters: {"id"=>"12"}
  [1m[36mPerson Load (0.3ms)[0m  [1mSELECT  "people".* FROM "people"  WHERE "people"."id" = $1 LIMIT 1[0m  [["id", 12]]
  Rendered people/show.html.erb within layouts/application (0.0ms)
Completed 200 OK in 11ms (Views: 9.4ms | ActiveRecord: 0.3ms)


Started GET "/" for 127.0.0.1 at 2014-06-05 16:07:58 -0400
Processing by WelcomeController#index as HTML
  Rendered welcome/index.html.erb within layouts/application (0.1ms)
Completed 200 OK in 34ms (Views: 33.1ms | ActiveRecord: 0.0ms)


Started GET "/assets/application.css?body=1" for 127.0.0.1 at 2014-06-05 16:07:59 -0400


Started GET "/assets/jquery.js?body=1" for 127.0.0.1 at 2014-06-05 16:07:59 -0400


Started GET "/assets/jquery_ujs.js?body=1" for 127.0.0.1 at 2014-06-05 16:07:59 -0400


Started GET "/assets/turbolinks.js?body=1" for 127.0.0.1 at 2014-06-05 16:07:59 -0400


Started GET "/assets/scripts.js?body=1" for 127.0.0.1 at 2014-06-05 16:07:59 -0400


Started GET "/assets/application.js?body=1" for 127.0.0.1 at 2014-06-05 16:07:59 -0400


Started GET "/people" for 127.0.0.1 at 2014-06-05 16:07:59 -0400
Processing by PeopleController#index as JSON
  [1m[35mPerson Load (0.7ms)[0m  SELECT "people".* FROM "people"
Completed 200 OK in 10ms (Views: 0.2ms | ActiveRecord: 0.7ms)


Started POST "/people" for 127.0.0.1 at 2014-06-05 16:08:04 -0400
Processing by PeopleController#create as JSON
  Parameters: {"person"=>{"name"=>"hg"}}
  [1m[36m (0.2ms)[0m  [1mBEGIN[0m
  [1m[35mSQL (0.3ms)[0m  INSERT INTO "people" ("created_at", "name", "updated_at") VALUES ($1, $2, $3) RETURNING "id"  [["created_at", "2014-06-05 20:08:04.147091"], ["name", "hg"], ["updated_at", "2014-06-05 20:08:04.147091"]]
  [1m[36m (1.7ms)[0m  [1mCOMMIT[0m
Redirected to http://localhost:3000/people/13
Completed 302 Found in 6ms (ActiveRecord: 2.2ms)


Started GET "/people/13" for 127.0.0.1 at 2014-06-05 16:08:04 -0400
Processing by PeopleController#show as JSON
  Parameters: {"id"=>"13"}
  [1m[35mPerson Load (0.3ms)[0m  SELECT  "people".* FROM "people"  WHERE "people"."id" = $1 LIMIT 1  [["id", 13]]
  Rendered people/show.html.erb within layouts/application (0.0ms)
Completed 200 OK in 11ms (Views: 8.8ms | ActiveRecord: 0.3ms)


Started POST "/people" for 127.0.0.1 at 2014-06-05 16:08:06 -0400
Processing by PeopleController#create as JSON
  Parameters: {"person"=>{"name"=>"hges"}}
  [1m[36m (0.2ms)[0m  [1mBEGIN[0m
  [1m[35mSQL (0.2ms)[0m  INSERT INTO "people" ("created_at", "name", "updated_at") VALUES ($1, $2, $3) RETURNING "id"  [["created_at", "2014-06-05 20:08:06.860379"], ["name", "hges"], ["updated_at", "2014-06-05 20:08:06.860379"]]
  [1m[36m (1.8ms)[0m  [1mCOMMIT[0m
Redirected to http://localhost:3000/people/14
Completed 302 Found in 6ms (ActiveRecord: 2.2ms)


Started GET "/people/14" for 127.0.0.1 at 2014-06-05 16:08:06 -0400
Processing by PeopleController#show as JSON
  Parameters: {"id"=>"14"}
  [1m[35mPerson Load (0.3ms)[0m  SELECT  "people".* FROM "people"  WHERE "people"."id" = $1 LIMIT 1  [["id", 14]]
  Rendered people/show.html.erb within layouts/application (0.0ms)
Completed 200 OK in 11ms (Views: 8.6ms | ActiveRecord: 0.3ms)


Started GET "/" for 127.0.0.1 at 2014-06-05 16:12:07 -0400
Processing by WelcomeController#index as HTML
  Rendered welcome/index.html.erb within layouts/application (0.1ms)
Completed 200 OK in 37ms (Views: 35.9ms | ActiveRecord: 0.0ms)


Started GET "/assets/turbolinks.js?body=1" for 127.0.0.1 at 2014-06-05 16:12:07 -0400


Started GET "/assets/jquery_ujs.js?body=1" for 127.0.0.1 at 2014-06-05 16:12:07 -0400


Started GET "/assets/application.css?body=1" for 127.0.0.1 at 2014-06-05 16:12:07 -0400


Started GET "/assets/jquery.js?body=1" for 127.0.0.1 at 2014-06-05 16:12:07 -0400


Started GET "/assets/scripts.js?body=1" for 127.0.0.1 at 2014-06-05 16:12:07 -0400


Started GET "/assets/application.js?body=1" for 127.0.0.1 at 2014-06-05 16:12:07 -0400


Started GET "/people" for 127.0.0.1 at 2014-06-05 16:12:07 -0400
Processing by PeopleController#index as JSON
  [1m[36mPerson Load (0.5ms)[0m  [1mSELECT "people".* FROM "people"[0m
Completed 200 OK in 9ms (Views: 0.3ms | ActiveRecord: 0.5ms)


Started GET "/" for 127.0.0.1 at 2014-06-05 18:18:33 -0400
  [1m[36mActiveRecord::SchemaMigration Load (0.7ms)[0m  [1mSELECT "schema_migrations".* FROM "schema_migrations"[0m
Processing by WelcomeController#index as HTML
  Rendered welcome/index.html.erb within layouts/application (1.5ms)
Completed 200 OK in 67ms (Views: 53.8ms | ActiveRecord: 0.0ms)


Started GET "/assets/application.css?body=1" for 127.0.0.1 at 2014-06-05 18:18:34 -0400


Started GET "/assets/jquery.js?body=1" for 127.0.0.1 at 2014-06-05 18:18:34 -0400


Started GET "/assets/turbolinks.js?body=1" for 127.0.0.1 at 2014-06-05 18:18:34 -0400


Started GET "/assets/application.js?body=1" for 127.0.0.1 at 2014-06-05 18:18:34 -0400


Started GET "/assets/scripts.js?body=1" for 127.0.0.1 at 2014-06-05 18:18:34 -0400


Started GET "/assets/jquery_ujs.js?body=1" for 127.0.0.1 at 2014-06-05 18:18:34 -0400


Started GET "/people" for 127.0.0.1 at 2014-06-05 18:18:34 -0400
Processing by PeopleController#index as JSON
  [1m[35mPerson Load (1.0ms)[0m  SELECT "people".* FROM "people"
Completed 200 OK in 26ms (Views: 0.3ms | ActiveRecord: 3.8ms)


Started POST "/people" for 127.0.0.1 at 2014-06-05 18:18:38 -0400
Processing by PeopleController#create as JSON
  Parameters: {"person"=>{"name"=>"dddd"}}
  [1m[36m (0.2ms)[0m  [1mBEGIN[0m
  [1m[35mSQL (0.5ms)[0m  INSERT INTO "people" ("created_at", "name", "updated_at") VALUES ($1, $2, $3) RETURNING "id"  [["created_at", "2014-06-05 22:18:38.116929"], ["name", "dddd"], ["updated_at", "2014-06-05 22:18:38.116929"]]
  [1m[36m (1.9ms)[0m  [1mCOMMIT[0m
Redirected to http://localhost:3000/people/15
Completed 302 Found in 13ms (ActiveRecord: 2.8ms)


Started GET "/people/15" for 127.0.0.1 at 2014-06-05 18:18:38 -0400
Processing by PeopleController#show as JSON
  Parameters: {"id"=>"15"}
  [1m[35mPerson Load (0.3ms)[0m  SELECT  "people".* FROM "people"  WHERE "people"."id" = $1 LIMIT 1  [["id", 15]]
  Rendered people/show.html.erb within layouts/application (0.7ms)
Completed 200 OK in 18ms (Views: 15.2ms | ActiveRecord: 0.3ms)


Started GET "/" for 127.0.0.1 at 2014-06-05 18:19:48 -0400
Processing by WelcomeController#index as HTML
  Rendered welcome/index.html.erb within layouts/application (0.1ms)
Completed 200 OK in 6ms (Views: 5.3ms | ActiveRecord: 0.0ms)


Started GET "/assets/application.css?body=1" for 127.0.0.1 at 2014-06-05 18:19:48 -0400


Started GET "/assets/jquery.js?body=1" for 127.0.0.1 at 2014-06-05 18:19:48 -0400


Started GET "/assets/jquery_ujs.js?body=1" for 127.0.0.1 at 2014-06-05 18:19:48 -0400


Started GET "/assets/turbolinks.js?body=1" for 127.0.0.1 at 2014-06-05 18:19:48 -0400


Started GET "/assets/scripts.js?body=1" for 127.0.0.1 at 2014-06-05 18:19:48 -0400


Started GET "/assets/application.js?body=1" for 127.0.0.1 at 2014-06-05 18:19:48 -0400


Started GET "/people" for 127.0.0.1 at 2014-06-05 18:19:48 -0400
Processing by PeopleController#index as JSON
  [1m[36mPerson Load (0.6ms)[0m  [1mSELECT "people".* FROM "people"[0m
Completed 200 OK in 11ms (Views: 0.3ms | ActiveRecord: 0.6ms)


Started POST "/people" for 127.0.0.1 at 2014-06-05 18:19:56 -0400
Processing by PeopleController#create as JSON
  Parameters: {"person"=>{"name"=>"hello"}}
  [1m[35m (0.3ms)[0m  BEGIN
  [1m[36mSQL (0.4ms)[0m  [1mINSERT INTO "people" ("created_at", "name", "updated_at") VALUES ($1, $2, $3) RETURNING "id"[0m  [["created_at", "2014-06-05 22:19:56.400801"], ["name", "hello"], ["updated_at", "2014-06-05 22:19:56.400801"]]
  [1m[35m (1.7ms)[0m  COMMIT
Redirected to http://localhost:3000/people/16
Completed 302 Found in 6ms (ActiveRecord: 2.4ms)


Started GET "/people/16" for 127.0.0.1 at 2014-06-05 18:19:56 -0400
Processing by PeopleController#show as JSON
  Parameters: {"id"=>"16"}
  [1m[36mPerson Load (0.4ms)[0m  [1mSELECT  "people".* FROM "people"  WHERE "people"."id" = $1 LIMIT 1[0m  [["id", 16]]
  Rendered people/show.html.erb within layouts/application (0.1ms)
Completed 200 OK in 36ms (Views: 34.1ms | ActiveRecord: 0.4ms)


Started GET "/" for 127.0.0.1 at 2014-06-05 18:20:01 -0400
Processing by WelcomeController#index as HTML
  Rendered welcome/index.html.erb within layouts/application (0.1ms)
Completed 200 OK in 8ms (Views: 6.9ms | ActiveRecord: 0.0ms)


Started GET "/assets/application.css?body=1" for 127.0.0.1 at 2014-06-05 18:20:01 -0400


Started GET "/assets/jquery.js?body=1" for 127.0.0.1 at 2014-06-05 18:20:01 -0400


Started GET "/assets/jquery_ujs.js?body=1" for 127.0.0.1 at 2014-06-05 18:20:01 -0400


Started GET "/assets/turbolinks.js?body=1" for 127.0.0.1 at 2014-06-05 18:20:01 -0400


Started GET "/assets/application.js?body=1" for 127.0.0.1 at 2014-06-05 18:20:01 -0400


Started GET "/assets/scripts.js?body=1" for 127.0.0.1 at 2014-06-05 18:20:01 -0400


Started GET "/people" for 127.0.0.1 at 2014-06-05 18:20:01 -0400
Processing by PeopleController#index as JSON
  [1m[35mPerson Load (0.5ms)[0m  SELECT "people".* FROM "people"
Completed 200 OK in 12ms (Views: 0.3ms | ActiveRecord: 0.5ms)


Started GET "/" for 127.0.0.1 at 2014-06-05 18:22:56 -0400
Processing by WelcomeController#index as HTML
  Rendered welcome/index.html.erb within layouts/application (0.1ms)
Completed 200 OK in 7ms (Views: 6.3ms | ActiveRecord: 0.0ms)


Started GET "/assets/jquery.js?body=1" for 127.0.0.1 at 2014-06-05 18:22:56 -0400


Started GET "/assets/jquery_ujs.js?body=1" for 127.0.0.1 at 2014-06-05 18:22:56 -0400


Started GET "/assets/application.css?body=1" for 127.0.0.1 at 2014-06-05 18:22:56 -0400


Started GET "/assets/turbolinks.js?body=1" for 127.0.0.1 at 2014-06-05 18:22:56 -0400


Started GET "/assets/application.js?body=1" for 127.0.0.1 at 2014-06-05 18:22:56 -0400


Started GET "/assets/scripts.js?body=1" for 127.0.0.1 at 2014-06-05 18:22:56 -0400


Started GET "/people" for 127.0.0.1 at 2014-06-05 18:22:56 -0400
Processing by PeopleController#index as JSON
  [1m[36mPerson Load (0.7ms)[0m  [1mSELECT "people".* FROM "people"[0m
Completed 200 OK in 11ms (Views: 0.2ms | ActiveRecord: 0.7ms)


Started POST "/people" for 127.0.0.1 at 2014-06-05 18:23:31 -0400
Processing by PeopleController#create as JSON
  Parameters: {"person"=>{"name"=>"tim"}}
  [1m[35m (0.2ms)[0m  BEGIN
  [1m[36mSQL (0.4ms)[0m  [1mINSERT INTO "people" ("created_at", "name", "updated_at") VALUES ($1, $2, $3) RETURNING "id"[0m  [["created_at", "2014-06-05 22:23:31.149843"], ["name", "tim"], ["updated_at", "2014-06-05 22:23:31.149843"]]
  [1m[35m (1.8ms)[0m  COMMIT
Redirected to http://localhost:3000/people/17
Completed 302 Found in 6ms (ActiveRecord: 2.4ms)


Started GET "/people/17" for 127.0.0.1 at 2014-06-05 18:23:31 -0400
Processing by PeopleController#show as JSON
  Parameters: {"id"=>"17"}
  [1m[36mPerson Load (0.8ms)[0m  [1mSELECT  "people".* FROM "people"  WHERE "people"."id" = $1 LIMIT 1[0m  [["id", 17]]
  Rendered people/show.html.erb within layouts/application (0.1ms)
Completed 200 OK in 15ms (Views: 12.0ms | ActiveRecord: 0.8ms)


Started GET "/" for 127.0.0.1 at 2014-06-05 18:25:58 -0400
Processing by WelcomeController#index as HTML
  Rendered welcome/index.html.erb within layouts/application (0.1ms)
Completed 200 OK in 41ms (Views: 39.5ms | ActiveRecord: 0.0ms)


Started GET "/assets/application.css?body=1" for 127.0.0.1 at 2014-06-05 18:25:58 -0400


Started GET "/assets/jquery.js?body=1" for 127.0.0.1 at 2014-06-05 18:25:58 -0400


Started GET "/assets/jquery_ujs.js?body=1" for 127.0.0.1 at 2014-06-05 18:25:58 -0400


Started GET "/assets/application.js?body=1" for 127.0.0.1 at 2014-06-05 18:25:58 -0400


Started GET "/assets/turbolinks.js?body=1" for 127.0.0.1 at 2014-06-05 18:25:58 -0400


Started GET "/assets/scripts.js?body=1" for 127.0.0.1 at 2014-06-05 18:25:58 -0400


Started GET "/people" for 127.0.0.1 at 2014-06-05 18:25:58 -0400
Processing by PeopleController#index as JSON
  [1m[35mPerson Load (0.6ms)[0m  SELECT "people".* FROM "people"
Completed 200 OK in 8ms (Views: 0.1ms | ActiveRecord: 0.6ms)


Started POST "/people" for 127.0.0.1 at 2014-06-05 18:26:08 -0400
Processing by PeopleController#create as JSON
  Parameters: {"person"=>{"name"=>"xsap"}}
  [1m[36m (0.2ms)[0m  [1mBEGIN[0m
  [1m[35mSQL (0.3ms)[0m  INSERT INTO "people" ("created_at", "name", "updated_at") VALUES ($1, $2, $3) RETURNING "id"  [["created_at", "2014-06-05 22:26:08.890474"], ["name", "xsap"], ["updated_at", "2014-06-05 22:26:08.890474"]]
  [1m[36m (1.8ms)[0m  [1mCOMMIT[0m
Redirected to http://localhost:3000/people/18
Completed 302 Found in 6ms (ActiveRecord: 2.4ms)


Started GET "/people/18" for 127.0.0.1 at 2014-06-05 18:26:08 -0400
Processing by PeopleController#show as JSON
  Parameters: {"id"=>"18"}
  [1m[35mPerson Load (0.4ms)[0m  SELECT  "people".* FROM "people"  WHERE "people"."id" = $1 LIMIT 1  [["id", 18]]
  Rendered people/show.html.erb within layouts/application (0.0ms)
Completed 200 OK in 11ms (Views: 8.9ms | ActiveRecord: 0.4ms)


Started GET "/" for 127.0.0.1 at 2014-06-05 18:26:11 -0400
Processing by WelcomeController#index as HTML
  Rendered welcome/index.html.erb within layouts/application (0.1ms)
Completed 200 OK in 9ms (Views: 8.4ms | ActiveRecord: 0.0ms)


Started GET "/assets/application.css?body=1" for 127.0.0.1 at 2014-06-05 18:26:11 -0400


Started GET "/assets/jquery.js?body=1" for 127.0.0.1 at 2014-06-05 18:26:11 -0400


Started GET "/assets/application.js?body=1" for 127.0.0.1 at 2014-06-05 18:26:11 -0400


Started GET "/assets/scripts.js?body=1" for 127.0.0.1 at 2014-06-05 18:26:11 -0400


Started GET "/assets/jquery_ujs.js?body=1" for 127.0.0.1 at 2014-06-05 18:26:11 -0400


Started GET "/assets/turbolinks.js?body=1" for 127.0.0.1 at 2014-06-05 18:26:11 -0400


Started GET "/people" for 127.0.0.1 at 2014-06-05 18:26:12 -0400
Processing by PeopleController#index as JSON
  [1m[36mPerson Load (0.6ms)[0m  [1mSELECT "people".* FROM "people"[0m
Completed 200 OK in 12ms (Views: 0.2ms | ActiveRecord: 0.6ms)


Started GET "/" for 127.0.0.1 at 2014-06-05 18:26:44 -0400
Processing by WelcomeController#index as HTML
  Rendered welcome/index.html.erb within layouts/application (0.1ms)
Completed 200 OK in 6ms (Views: 5.3ms | ActiveRecord: 0.0ms)


Started GET "/assets/application.css?body=1" for 127.0.0.1 at 2014-06-05 18:26:44 -0400


Started GET "/assets/jquery.js?body=1" for 127.0.0.1 at 2014-06-05 18:26:44 -0400


Started GET "/assets/jquery_ujs.js?body=1" for 127.0.0.1 at 2014-06-05 18:26:44 -0400


Started GET "/assets/turbolinks.js?body=1" for 127.0.0.1 at 2014-06-05 18:26:44 -0400


Started GET "/assets/scripts.js?body=1" for 127.0.0.1 at 2014-06-05 18:26:44 -0400


Started GET "/assets/application.js?body=1" for 127.0.0.1 at 2014-06-05 18:26:44 -0400


Started GET "/people" for 127.0.0.1 at 2014-06-05 18:26:44 -0400
Processing by PeopleController#index as JSON
  [1m[35mPerson Load (0.5ms)[0m  SELECT "people".* FROM "people"
Completed 200 OK in 21ms (Views: 0.2ms | ActiveRecord: 3.5ms)


Started POST "/people" for 127.0.0.1 at 2014-06-05 18:26:46 -0400
Processing by PeopleController#create as JSON
  Parameters: {"person"=>{"name"=>"sdsd"}}
  [1m[36m (0.2ms)[0m  [1mBEGIN[0m
  [1m[35mSQL (0.3ms)[0m  INSERT INTO "people" ("created_at", "name", "updated_at") VALUES ($1, $2, $3) RETURNING "id"  [["created_at", "2014-06-05 22:26:46.733656"], ["name", "sdsd"], ["updated_at", "2014-06-05 22:26:46.733656"]]
  [1m[36m (1.6ms)[0m  [1mCOMMIT[0m
Completed 200 OK in 6ms (Views: 0.1ms | ActiveRecord: 2.1ms)
